<?xml version="1.0" encoding="UTF-8"?>
<graph xmlns="http://www.xces.org/ns/GrAF/1.0/">
    <graphHeader>
        <labelsDecl>
            <labelUsage label="body" occurs="1"/>
            <labelUsage label="text" occurs="1"/>
            <labelUsage label="s" occurs="99"/>
            <labelUsage label="p" occurs="14"/>
            <labelUsage label="div" occurs="1"/>
            <labelUsage label="hi" occurs="18"/>
            <labelUsage label="cesDoc" occurs="1"/>
            <labelUsage label="head" occurs="1"/>
        </labelsDecl>
        <annotationSpaces>
            <annotationSpace name="xces" type="xces"/>
        </annotationSpaces>
    </graphHeader>
    <region xml:id="n-r0" anchors="0 10521"/>
    <region xml:id="n-r1" anchors="8 10520"/>
    <region xml:id="n-r2" anchors="15 10516"/>
    <region xml:id="n-r3" anchors="25 10509"/>
    <region xml:id="s-r0" anchors="38 57"/>
    <region xml:id="n-r4" anchors="38 57"/>
    <region xml:id="n-r5" anchors="71 789"/>
    <region xml:id="s-r1" anchors="71 239"/>
    <region xml:id="s-r2" anchors="240 354"/>
    <region xml:id="s-r3" anchors="355 411"/>
    <region xml:id="s-r4" anchors="412 621"/>
    <region xml:id="s-r5" anchors="622 744"/>
    <region xml:id="s-r6" anchors="745 789"/>
    <region xml:id="n-r6" anchors="803 1580"/>
    <region xml:id="s-r7" anchors="803 932"/>
    <region xml:id="s-r8" anchors="933 1068"/>
    <region xml:id="s-r9" anchors="1069 1116"/>
    <region xml:id="s-r10" anchors="1117 1179"/>
    <region xml:id="s-r11" anchors="1180 1263"/>
    <region xml:id="s-r12" anchors="1264 1352"/>
    <region xml:id="s-r13" anchors="1353 1447"/>
    <region xml:id="s-r14" anchors="1448 1516"/>
    <region xml:id="s-r15" anchors="1517 1580"/>
    <region xml:id="n-r7" anchors="1594 2508"/>
    <region xml:id="s-r16" anchors="1594 1685"/>
    <region xml:id="s-r17" anchors="1686 1943"/>
    <region xml:id="s-r18" anchors="1944 2016"/>
    <region xml:id="s-r19" anchors="2017 2129"/>
    <region xml:id="s-r20" anchors="2130 2207"/>
    <region xml:id="s-r21" anchors="2208 2211"/>
    <region xml:id="s-r22" anchors="2212 2215"/>
    <region xml:id="s-r23" anchors="2216 2256"/>
    <region xml:id="n-r8" anchors="2234 2243"/>
    <region xml:id="s-r24" anchors="2257 2340"/>
    <region xml:id="s-r25" anchors="2341 2411"/>
    <region xml:id="s-r26" anchors="2412 2415"/>
    <region xml:id="s-r27" anchors="2416 2508"/>
    <region xml:id="n-r9" anchors="2522 3349"/>
    <region xml:id="s-r28" anchors="2523 2646"/>
    <region xml:id="s-r29" anchors="2647 2919"/>
    <region xml:id="n-r10" anchors="2806 2820"/>
    <region xml:id="n-r11" anchors="2856 2860"/>
    <region xml:id="s-r30" anchors="2920 3108"/>
    <region xml:id="s-r31" anchors="3109 3198"/>
    <region xml:id="s-r32" anchors="3199 3232"/>
    <region xml:id="s-r33" anchors="3233 3269"/>
    <region xml:id="s-r34" anchors="3270 3274"/>
    <region xml:id="s-r35" anchors="3275 3349"/>
    <region xml:id="n-r12" anchors="3363 4106"/>
    <region xml:id="s-r36" anchors="3364 3416"/>
    <region xml:id="s-r37" anchors="3417 3508"/>
    <region xml:id="s-r38" anchors="3509 3597"/>
    <region xml:id="s-r39" anchors="3598 3849"/>
    <region xml:id="n-r13" anchors="3612 3616"/>
    <region xml:id="n-r14" anchors="3633 3635"/>
    <region xml:id="n-r15" anchors="3704 3716"/>
    <region xml:id="n-r16" anchors="3722 3737"/>
    <region xml:id="s-r40" anchors="3850 3887"/>
    <region xml:id="s-r41" anchors="3888 4106"/>
    <region xml:id="n-r17" anchors="4120 5050"/>
    <region xml:id="s-r42" anchors="4120 4209"/>
    <region xml:id="s-r43" anchors="4210 4247"/>
    <region xml:id="s-r44" anchors="4248 4383"/>
    <region xml:id="n-r18" anchors="4337 4340"/>
    <region xml:id="n-r19" anchors="4365 4374"/>
    <region xml:id="s-r45" anchors="4384 4500"/>
    <region xml:id="n-r20" anchors="4456 4460"/>
    <region xml:id="n-r21" anchors="4485 4491"/>
    <region xml:id="s-r46" anchors="4501 4579"/>
    <region xml:id="s-r47" anchors="4580 4648"/>
    <region xml:id="s-r48" anchors="4649 4734"/>
    <region xml:id="s-r49" anchors="4735 4946"/>
    <region xml:id="n-r22" anchors="4850 4865"/>
    <region xml:id="s-r50" anchors="4947 4950"/>
    <region xml:id="s-r51" anchors="4951 5050"/>
    <region xml:id="n-r23" anchors="5064 5877"/>
    <region xml:id="s-r52" anchors="5064 5170"/>
    <region xml:id="s-r53" anchors="5171 5272"/>
    <region xml:id="s-r54" anchors="5273 5447"/>
    <region xml:id="s-r55" anchors="5448 5587"/>
    <region xml:id="s-r56" anchors="5588 5877"/>
    <region xml:id="n-r24" anchors="5891 6735"/>
    <region xml:id="s-r57" anchors="5892 6018"/>
    <region xml:id="s-r58" anchors="6019 6060"/>
    <region xml:id="s-r59" anchors="6061 6245"/>
    <region xml:id="s-r60" anchors="6246 6288"/>
    <region xml:id="s-r61" anchors="6289 6377"/>
    <region xml:id="s-r62" anchors="6378 6441"/>
    <region xml:id="s-r63" anchors="6442 6628"/>
    <region xml:id="s-r64" anchors="6629 6735"/>
    <region xml:id="n-r25" anchors="6749 7343"/>
    <region xml:id="s-r65" anchors="6749 6818"/>
    <region xml:id="s-r66" anchors="6819 6936"/>
    <region xml:id="s-r67" anchors="6937 6962"/>
    <region xml:id="s-r68" anchors="6963 7132"/>
    <region xml:id="s-r69" anchors="7133 7244"/>
    <region xml:id="n-r26" anchors="7192 7196"/>
    <region xml:id="s-r70" anchors="7245 7343"/>
    <region xml:id="n-r27" anchors="7357 8066"/>
    <region xml:id="s-r71" anchors="7357 7493"/>
    <region xml:id="s-r72" anchors="7494 7531"/>
    <region xml:id="s-r73" anchors="7532 7626"/>
    <region xml:id="s-r74" anchors="7627 7669"/>
    <region xml:id="s-r75" anchors="7670 7904"/>
    <region xml:id="s-r76" anchors="7905 7980"/>
    <region xml:id="s-r77" anchors="7981 8066"/>
    <region xml:id="n-r28" anchors="8080 8782"/>
    <region xml:id="s-r78" anchors="8080 8313"/>
    <region xml:id="s-r79" anchors="8314 8527"/>
    <region xml:id="s-r80" anchors="8528 8782"/>
    <region xml:id="n-r29" anchors="8796 9482"/>
    <region xml:id="s-r81" anchors="8796 8840"/>
    <region xml:id="s-r82" anchors="8841 8910"/>
    <region xml:id="s-r83" anchors="8911 8973"/>
    <region xml:id="n-r30" anchors="8911 8953"/>
    <region xml:id="n-r31" anchors="8974 9315"/>
    <region xml:id="s-r84" anchors="8974 9013"/>
    <region xml:id="s-r85" anchors="9014 9074"/>
    <region xml:id="s-r86" anchors="9075 9146"/>
    <region xml:id="s-r87" anchors="9147 9238"/>
    <region xml:id="s-r88" anchors="9239 9315"/>
    <region xml:id="s-r89" anchors="9316 9383"/>
    <region xml:id="s-r90" anchors="9384 9482"/>
    <region xml:id="n-r32" anchors="9395 9401"/>
    <region xml:id="n-r33" anchors="9496 10371"/>
    <region xml:id="s-r91" anchors="9496 9572"/>
    <region xml:id="s-r92" anchors="9573 9617"/>
    <region xml:id="s-r93" anchors="9618 9729"/>
    <region xml:id="s-r94" anchors="9730 10119"/>
    <region xml:id="s-r95" anchors="10120 10195"/>
    <region xml:id="s-r96" anchors="10196 10267"/>
    <region xml:id="s-r97" anchors="10268 10371"/>
    <region xml:id="n-r34" anchors="10385 10498"/>
    <region xml:id="n-r35" anchors="10401 10485"/>
    <region xml:id="s-r98" anchors="10401 10485"/>
    <region xml:id="n-r36" anchors="10435 10440"/>
    <node xml:id="n-n0">
        <link targets="n-r0"/>
    </node>
    <a xml:id="logical-N65593" label="cesDoc" ref="n-n0" as="xces">
        <fs>
            <f name="xmlns:xlink" value="http://www.w3.org/1999/xlink"/>
            <f name="xmlns:xsi" value="http://www.w3.org/2001/XMLSchema-instance"/>
            <f name="xmlns" value="http://www.xces.org/schema/2003"/>
            <f name="version" value="1.0.4"/>
        </fs>
    </a>
    <node xml:id="n-n1">
        <link targets="n-r1"/>
    </node>
    <a xml:id="logical-N65629" label="text" ref="n-n1" as="xces"/>
    <node xml:id="n-n10">
        <link targets="n-r10"/>
    </node>
    <a xml:id="logical-N65829" label="hi" ref="n-n10" as="xces">
        <fs>
            <f name="rend" value="ital"/>
        </fs>
    </a>
    <node xml:id="n-n11">
        <link targets="n-r11"/>
    </node>
    <a xml:id="logical-N65853" label="hi" ref="n-n11" as="xces">
        <fs>
            <f name="rend" value="ital"/>
        </fs>
    </a>
    <node xml:id="n-n12">
        <link targets="n-r12"/>
    </node>
    <a xml:id="logical-N65877" label="p" ref="n-n12" as="xces">
        <fs>
            <f name="id" value="p5"/>
        </fs>
    </a>
    <node xml:id="n-n13">
        <link targets="n-r13"/>
    </node>
    <a xml:id="logical-N65901" label="hi" ref="n-n13" as="xces">
        <fs>
            <f name="rend" value="ital"/>
        </fs>
    </a>
    <node xml:id="n-n14">
        <link targets="n-r14"/>
    </node>
    <a xml:id="logical-N65925" label="hi" ref="n-n14" as="xces">
        <fs>
            <f name="rend" value="ital"/>
        </fs>
    </a>
    <node xml:id="n-n15">
        <link targets="n-r15"/>
    </node>
    <a xml:id="logical-N65949" label="hi" ref="n-n15" as="xces">
        <fs>
            <f name="rend" value="ital"/>
        </fs>
    </a>
    <node xml:id="n-n16">
        <link targets="n-r16"/>
    </node>
    <a xml:id="logical-N65973" label="hi" ref="n-n16" as="xces">
        <fs>
            <f name="rend" value="ital"/>
        </fs>
    </a>
    <node xml:id="n-n17">
        <link targets="n-r17"/>
    </node>
    <a xml:id="logical-N65997" label="p" ref="n-n17" as="xces">
        <fs>
            <f name="id" value="p6"/>
        </fs>
    </a>
    <node xml:id="n-n18">
        <link targets="n-r18"/>
    </node>
    <a xml:id="logical-N66021" label="hi" ref="n-n18" as="xces">
        <fs>
            <f name="rend" value="ital"/>
        </fs>
    </a>
    <node xml:id="n-n19">
        <link targets="n-r19"/>
    </node>
    <a xml:id="logical-N66045" label="hi" ref="n-n19" as="xces">
        <fs>
            <f name="rend" value="ital"/>
        </fs>
    </a>
    <node xml:id="n-n2">
        <link targets="n-r2"/>
    </node>
    <a xml:id="logical-N65645" label="body" ref="n-n2" as="xces"/>
    <node xml:id="n-n20">
        <link targets="n-r20"/>
    </node>
    <a xml:id="logical-N66069" label="hi" ref="n-n20" as="xces">
        <fs>
            <f name="rend" value="ital"/>
        </fs>
    </a>
    <node xml:id="n-n21">
        <link targets="n-r21"/>
    </node>
    <a xml:id="logical-N66093" label="hi" ref="n-n21" as="xces">
        <fs>
            <f name="rend" value="ital"/>
        </fs>
    </a>
    <node xml:id="n-n22">
        <link targets="n-r22"/>
    </node>
    <a xml:id="logical-N66117" label="hi" ref="n-n22" as="xces">
        <fs>
            <f name="rend" value="ital"/>
        </fs>
    </a>
    <node xml:id="n-n23">
        <link targets="n-r23"/>
    </node>
    <a xml:id="logical-N66141" label="p" ref="n-n23" as="xces">
        <fs>
            <f name="id" value="p7"/>
        </fs>
    </a>
    <node xml:id="n-n24">
        <link targets="n-r24"/>
    </node>
    <a xml:id="logical-N66165" label="p" ref="n-n24" as="xces">
        <fs>
            <f name="id" value="p8"/>
        </fs>
    </a>
    <node xml:id="n-n25">
        <link targets="n-r25"/>
    </node>
    <a xml:id="logical-N66189" label="p" ref="n-n25" as="xces">
        <fs>
            <f name="id" value="p9"/>
        </fs>
    </a>
    <node xml:id="n-n26">
        <link targets="n-r26"/>
    </node>
    <a xml:id="logical-N66213" label="hi" ref="n-n26" as="xces">
        <fs>
            <f name="rend" value="ital"/>
        </fs>
    </a>
    <node xml:id="n-n27">
        <link targets="n-r27"/>
    </node>
    <a xml:id="logical-N66237" label="p" ref="n-n27" as="xces">
        <fs>
            <f name="id" value="p10"/>
        </fs>
    </a>
    <node xml:id="n-n28">
        <link targets="n-r28"/>
    </node>
    <a xml:id="logical-N66261" label="p" ref="n-n28" as="xces">
        <fs>
            <f name="id" value="p11"/>
        </fs>
    </a>
    <node xml:id="n-n29">
        <link targets="n-r29"/>
    </node>
    <a xml:id="logical-N66285" label="p" ref="n-n29" as="xces">
        <fs>
            <f name="id" value="p12"/>
        </fs>
    </a>
    <node xml:id="n-n3">
        <link targets="n-r3"/>
    </node>
    <a xml:id="logical-N65661" label="div" ref="n-n3" as="xces">
        <fs>
            <f name="type" value="article"/>
        </fs>
    </a>
    <node xml:id="n-n30">
        <link targets="n-r30"/>
    </node>
    <a xml:id="logical-N66309" label="hi" ref="n-n30" as="xces">
        <fs>
            <f name="rend" value="ital"/>
        </fs>
    </a>
    <node xml:id="n-n31">
        <link targets="n-r31"/>
    </node>
    <a xml:id="logical-N66333" label="hi" ref="n-n31" as="xces">
        <fs>
            <f name="rend" value="ital"/>
        </fs>
    </a>
    <node xml:id="n-n32">
        <link targets="n-r32"/>
    </node>
    <a xml:id="logical-N66357" label="hi" ref="n-n32" as="xces">
        <fs>
            <f name="rend" value="ital"/>
        </fs>
    </a>
    <node xml:id="n-n33">
        <link targets="n-r33"/>
    </node>
    <a xml:id="logical-N66381" label="p" ref="n-n33" as="xces">
        <fs>
            <f name="id" value="p13"/>
        </fs>
    </a>
    <node xml:id="n-n34">
        <link targets="n-r34"/>
    </node>
    <a xml:id="logical-N66405" label="p" ref="n-n34" as="xces">
        <fs>
            <f name="id" value="p14"/>
        </fs>
    </a>
    <node xml:id="n-n35">
        <link targets="n-r35"/>
    </node>
    <a xml:id="logical-N66429" label="hi" ref="n-n35" as="xces">
        <fs>
            <f name="rend" value="emph"/>
        </fs>
    </a>
    <node xml:id="n-n36">
        <link targets="n-r36"/>
    </node>
    <a xml:id="logical-N66453" label="hi" ref="n-n36" as="xces">
        <fs>
            <f name="rend" value="strong"/>
        </fs>
    </a>
    <node xml:id="n-n4">
        <link targets="n-r4"/>
    </node>
    <a xml:id="logical-N65685" label="head" ref="n-n4" as="xces">
        <fs>
            <f name="type" value="headline"/>
        </fs>
    </a>
    <node xml:id="n-n5">
        <link targets="n-r5"/>
    </node>
    <a xml:id="logical-N65709" label="p" ref="n-n5" as="xces">
        <fs>
            <f name="id" value="p1"/>
        </fs>
    </a>
    <node xml:id="n-n6">
        <link targets="n-r6"/>
    </node>
    <a xml:id="logical-N65733" label="p" ref="n-n6" as="xces">
        <fs>
            <f name="id" value="p2"/>
        </fs>
    </a>
    <node xml:id="n-n7">
        <link targets="n-r7"/>
    </node>
    <a xml:id="logical-N65757" label="p" ref="n-n7" as="xces">
        <fs>
            <f name="id" value="p3"/>
        </fs>
    </a>
    <node xml:id="n-n8">
        <link targets="n-r8"/>
    </node>
    <a xml:id="logical-N65781" label="hi" ref="n-n8" as="xces">
        <fs>
            <f name="rend" value="ital"/>
        </fs>
    </a>
    <node xml:id="n-n9">
        <link targets="n-r9"/>
    </node>
    <a xml:id="logical-N65805" label="p" ref="n-n9" as="xces">
        <fs>
            <f name="id" value="p4"/>
        </fs>
    </a>
    <node xml:id="s-n0">
        <link targets="s-r0"/>
    </node>
    <a xml:id="s-N65569" label="s" ref="s-n0" as="xces"/>
    <node xml:id="s-n1">
        <link targets="s-r1"/>
    </node>
    <a xml:id="s-N65585" label="s" ref="s-n1" as="xces">
        <fs>
            <f name="id" value="p1s1"/>
        </fs>
    </a>
    <node xml:id="s-n10">
        <link targets="s-r10"/>
    </node>
    <a xml:id="s-N65801" label="s" ref="s-n10" as="xces">
        <fs>
            <f name="id" value="p2s4"/>
        </fs>
    </a>
    <node xml:id="s-n11">
        <link targets="s-r11"/>
    </node>
    <a xml:id="s-N65825" label="s" ref="s-n11" as="xces">
        <fs>
            <f name="id" value="p2s5"/>
        </fs>
    </a>
    <node xml:id="s-n12">
        <link targets="s-r12"/>
    </node>
    <a xml:id="s-N65849" label="s" ref="s-n12" as="xces">
        <fs>
            <f name="id" value="p2s6"/>
        </fs>
    </a>
    <node xml:id="s-n13">
        <link targets="s-r13"/>
    </node>
    <a xml:id="s-N65873" label="s" ref="s-n13" as="xces">
        <fs>
            <f name="id" value="p2s7"/>
        </fs>
    </a>
    <node xml:id="s-n14">
        <link targets="s-r14"/>
    </node>
    <a xml:id="s-N65897" label="s" ref="s-n14" as="xces">
        <fs>
            <f name="id" value="p2s8"/>
        </fs>
    </a>
    <node xml:id="s-n15">
        <link targets="s-r15"/>
    </node>
    <a xml:id="s-N65921" label="s" ref="s-n15" as="xces">
        <fs>
            <f name="id" value="p2s9"/>
        </fs>
    </a>
    <node xml:id="s-n16">
        <link targets="s-r16"/>
    </node>
    <a xml:id="s-N65945" label="s" ref="s-n16" as="xces">
        <fs>
            <f name="id" value="p3s1"/>
        </fs>
    </a>
    <node xml:id="s-n17">
        <link targets="s-r17"/>
    </node>
    <a xml:id="s-N65969" label="s" ref="s-n17" as="xces">
        <fs>
            <f name="id" value="p3s2"/>
        </fs>
    </a>
    <node xml:id="s-n18">
        <link targets="s-r18"/>
    </node>
    <a xml:id="s-N65993" label="s" ref="s-n18" as="xces">
        <fs>
            <f name="id" value="p3s3"/>
        </fs>
    </a>
    <node xml:id="s-n19">
        <link targets="s-r19"/>
    </node>
    <a xml:id="s-N66017" label="s" ref="s-n19" as="xces">
        <fs>
            <f name="id" value="p3s4"/>
        </fs>
    </a>
    <node xml:id="s-n2">
        <link targets="s-r2"/>
    </node>
    <a xml:id="s-N65609" label="s" ref="s-n2" as="xces">
        <fs>
            <f name="id" value="p1s2"/>
        </fs>
    </a>
    <node xml:id="s-n20">
        <link targets="s-r20"/>
    </node>
    <a xml:id="s-N66041" label="s" ref="s-n20" as="xces">
        <fs>
            <f name="id" value="p3s5"/>
        </fs>
    </a>
    <node xml:id="s-n21">
        <link targets="s-r21"/>
    </node>
    <a xml:id="s-N66065" label="s" ref="s-n21" as="xces">
        <fs>
            <f name="id" value="p3s6"/>
        </fs>
    </a>
    <node xml:id="s-n22">
        <link targets="s-r22"/>
    </node>
    <a xml:id="s-N66089" label="s" ref="s-n22" as="xces">
        <fs>
            <f name="id" value="p3s7"/>
        </fs>
    </a>
    <node xml:id="s-n23">
        <link targets="s-r23"/>
    </node>
    <a xml:id="s-N66113" label="s" ref="s-n23" as="xces">
        <fs>
            <f name="id" value="p3s8"/>
        </fs>
    </a>
    <node xml:id="s-n24">
        <link targets="s-r24"/>
    </node>
    <a xml:id="s-N66137" label="s" ref="s-n24" as="xces">
        <fs>
            <f name="id" value="p3s9"/>
        </fs>
    </a>
    <node xml:id="s-n25">
        <link targets="s-r25"/>
    </node>
    <a xml:id="s-N66161" label="s" ref="s-n25" as="xces">
        <fs>
            <f name="id" value="p3s10"/>
        </fs>
    </a>
    <node xml:id="s-n26">
        <link targets="s-r26"/>
    </node>
    <a xml:id="s-N66185" label="s" ref="s-n26" as="xces">
        <fs>
            <f name="id" value="p3s11"/>
        </fs>
    </a>
    <node xml:id="s-n27">
        <link targets="s-r27"/>
    </node>
    <a xml:id="s-N66209" label="s" ref="s-n27" as="xces">
        <fs>
            <f name="id" value="p3s12"/>
        </fs>
    </a>
    <node xml:id="s-n28">
        <link targets="s-r28"/>
    </node>
    <a xml:id="s-N66233" label="s" ref="s-n28" as="xces">
        <fs>
            <f name="id" value="p4s1"/>
        </fs>
    </a>
    <node xml:id="s-n29">
        <link targets="s-r29"/>
    </node>
    <a xml:id="s-N66257" label="s" ref="s-n29" as="xces">
        <fs>
            <f name="id" value="p4s2"/>
        </fs>
    </a>
    <node xml:id="s-n3">
        <link targets="s-r3"/>
    </node>
    <a xml:id="s-N65633" label="s" ref="s-n3" as="xces">
        <fs>
            <f name="id" value="p1s3"/>
        </fs>
    </a>
    <node xml:id="s-n30">
        <link targets="s-r30"/>
    </node>
    <a xml:id="s-N66281" label="s" ref="s-n30" as="xces">
        <fs>
            <f name="id" value="p4s3"/>
        </fs>
    </a>
    <node xml:id="s-n31">
        <link targets="s-r31"/>
    </node>
    <a xml:id="s-N66305" label="s" ref="s-n31" as="xces">
        <fs>
            <f name="id" value="p4s4"/>
        </fs>
    </a>
    <node xml:id="s-n32">
        <link targets="s-r32"/>
    </node>
    <a xml:id="s-N66329" label="s" ref="s-n32" as="xces">
        <fs>
            <f name="id" value="p4s5"/>
        </fs>
    </a>
    <node xml:id="s-n33">
        <link targets="s-r33"/>
    </node>
    <a xml:id="s-N66353" label="s" ref="s-n33" as="xces">
        <fs>
            <f name="id" value="p4s6"/>
        </fs>
    </a>
    <node xml:id="s-n34">
        <link targets="s-r34"/>
    </node>
    <a xml:id="s-N66377" label="s" ref="s-n34" as="xces">
        <fs>
            <f name="id" value="p4s7"/>
        </fs>
    </a>
    <node xml:id="s-n35">
        <link targets="s-r35"/>
    </node>
    <a xml:id="s-N66401" label="s" ref="s-n35" as="xces">
        <fs>
            <f name="id" value="p4s8"/>
        </fs>
    </a>
    <node xml:id="s-n36">
        <link targets="s-r36"/>
    </node>
    <a xml:id="s-N66425" label="s" ref="s-n36" as="xces">
        <fs>
            <f name="id" value="p5s1"/>
        </fs>
    </a>
    <node xml:id="s-n37">
        <link targets="s-r37"/>
    </node>
    <a xml:id="s-N66449" label="s" ref="s-n37" as="xces">
        <fs>
            <f name="id" value="p5s2"/>
        </fs>
    </a>
    <node xml:id="s-n38">
        <link targets="s-r38"/>
    </node>
    <a xml:id="s-N66473" label="s" ref="s-n38" as="xces">
        <fs>
            <f name="id" value="p5s3"/>
        </fs>
    </a>
    <node xml:id="s-n39">
        <link targets="s-r39"/>
    </node>
    <a xml:id="s-N66497" label="s" ref="s-n39" as="xces">
        <fs>
            <f name="id" value="p5s4"/>
        </fs>
    </a>
    <node xml:id="s-n4">
        <link targets="s-r4"/>
    </node>
    <a xml:id="s-N65657" label="s" ref="s-n4" as="xces">
        <fs>
            <f name="id" value="p1s4"/>
        </fs>
    </a>
    <node xml:id="s-n40">
        <link targets="s-r40"/>
    </node>
    <a xml:id="s-N66521" label="s" ref="s-n40" as="xces">
        <fs>
            <f name="id" value="p5s5"/>
        </fs>
    </a>
    <node xml:id="s-n41">
        <link targets="s-r41"/>
    </node>
    <a xml:id="s-N66545" label="s" ref="s-n41" as="xces">
        <fs>
            <f name="id" value="p5s6"/>
        </fs>
    </a>
    <node xml:id="s-n42">
        <link targets="s-r42"/>
    </node>
    <a xml:id="s-N66569" label="s" ref="s-n42" as="xces">
        <fs>
            <f name="id" value="p6s1"/>
        </fs>
    </a>
    <node xml:id="s-n43">
        <link targets="s-r43"/>
    </node>
    <a xml:id="s-N66593" label="s" ref="s-n43" as="xces">
        <fs>
            <f name="id" value="p6s2"/>
        </fs>
    </a>
    <node xml:id="s-n44">
        <link targets="s-r44"/>
    </node>
    <a xml:id="s-N66617" label="s" ref="s-n44" as="xces">
        <fs>
            <f name="id" value="p6s3"/>
        </fs>
    </a>
    <node xml:id="s-n45">
        <link targets="s-r45"/>
    </node>
    <a xml:id="s-N66641" label="s" ref="s-n45" as="xces">
        <fs>
            <f name="id" value="p6s4"/>
        </fs>
    </a>
    <node xml:id="s-n46">
        <link targets="s-r46"/>
    </node>
    <a xml:id="s-N66665" label="s" ref="s-n46" as="xces">
        <fs>
            <f name="id" value="p6s5"/>
        </fs>
    </a>
    <node xml:id="s-n47">
        <link targets="s-r47"/>
    </node>
    <a xml:id="s-N66689" label="s" ref="s-n47" as="xces">
        <fs>
            <f name="id" value="p6s6"/>
        </fs>
    </a>
    <node xml:id="s-n48">
        <link targets="s-r48"/>
    </node>
    <a xml:id="s-N66713" label="s" ref="s-n48" as="xces">
        <fs>
            <f name="id" value="p6s7"/>
        </fs>
    </a>
    <node xml:id="s-n49">
        <link targets="s-r49"/>
    </node>
    <a xml:id="s-N66737" label="s" ref="s-n49" as="xces">
        <fs>
            <f name="id" value="p6s8"/>
        </fs>
    </a>
    <node xml:id="s-n5">
        <link targets="s-r5"/>
    </node>
    <a xml:id="s-N65681" label="s" ref="s-n5" as="xces">
        <fs>
            <f name="id" value="p1s5"/>
        </fs>
    </a>
    <node xml:id="s-n50">
        <link targets="s-r50"/>
    </node>
    <a xml:id="s-N66761" label="s" ref="s-n50" as="xces">
        <fs>
            <f name="id" value="p6s9"/>
        </fs>
    </a>
    <node xml:id="s-n51">
        <link targets="s-r51"/>
    </node>
    <a xml:id="s-N66785" label="s" ref="s-n51" as="xces">
        <fs>
            <f name="id" value="p6s10"/>
        </fs>
    </a>
    <node xml:id="s-n52">
        <link targets="s-r52"/>
    </node>
    <a xml:id="s-N66809" label="s" ref="s-n52" as="xces">
        <fs>
            <f name="id" value="p7s1"/>
        </fs>
    </a>
    <node xml:id="s-n53">
        <link targets="s-r53"/>
    </node>
    <a xml:id="s-N66833" label="s" ref="s-n53" as="xces">
        <fs>
            <f name="id" value="p7s2"/>
        </fs>
    </a>
    <node xml:id="s-n54">
        <link targets="s-r54"/>
    </node>
    <a xml:id="s-N66857" label="s" ref="s-n54" as="xces">
        <fs>
            <f name="id" value="p7s3"/>
        </fs>
    </a>
    <node xml:id="s-n55">
        <link targets="s-r55"/>
    </node>
    <a xml:id="s-N66881" label="s" ref="s-n55" as="xces">
        <fs>
            <f name="id" value="p7s4"/>
        </fs>
    </a>
    <node xml:id="s-n56">
        <link targets="s-r56"/>
    </node>
    <a xml:id="s-N66905" label="s" ref="s-n56" as="xces">
        <fs>
            <f name="id" value="p7s5"/>
        </fs>
    </a>
    <node xml:id="s-n57">
        <link targets="s-r57"/>
    </node>
    <a xml:id="s-N66929" label="s" ref="s-n57" as="xces">
        <fs>
            <f name="id" value="p8s1"/>
        </fs>
    </a>
    <node xml:id="s-n58">
        <link targets="s-r58"/>
    </node>
    <a xml:id="s-N66953" label="s" ref="s-n58" as="xces">
        <fs>
            <f name="id" value="p8s2"/>
        </fs>
    </a>
    <node xml:id="s-n59">
        <link targets="s-r59"/>
    </node>
    <a xml:id="s-N66977" label="s" ref="s-n59" as="xces">
        <fs>
            <f name="id" value="p8s3"/>
        </fs>
    </a>
    <node xml:id="s-n6">
        <link targets="s-r6"/>
    </node>
    <a xml:id="s-N65705" label="s" ref="s-n6" as="xces">
        <fs>
            <f name="id" value="p1s6"/>
        </fs>
    </a>
    <node xml:id="s-n60">
        <link targets="s-r60"/>
    </node>
    <a xml:id="s-N67001" label="s" ref="s-n60" as="xces">
        <fs>
            <f name="id" value="p8s4"/>
        </fs>
    </a>
    <node xml:id="s-n61">
        <link targets="s-r61"/>
    </node>
    <a xml:id="s-N67025" label="s" ref="s-n61" as="xces">
        <fs>
            <f name="id" value="p8s5"/>
        </fs>
    </a>
    <node xml:id="s-n62">
        <link targets="s-r62"/>
    </node>
    <a xml:id="s-N67049" label="s" ref="s-n62" as="xces">
        <fs>
            <f name="id" value="p8s6"/>
        </fs>
    </a>
    <node xml:id="s-n63">
        <link targets="s-r63"/>
    </node>
    <a xml:id="s-N67073" label="s" ref="s-n63" as="xces">
        <fs>
            <f name="id" value="p8s7"/>
        </fs>
    </a>
    <node xml:id="s-n64">
        <link targets="s-r64"/>
    </node>
    <a xml:id="s-N67097" label="s" ref="s-n64" as="xces">
        <fs>
            <f name="id" value="p8s8"/>
        </fs>
    </a>
    <node xml:id="s-n65">
        <link targets="s-r65"/>
    </node>
    <a xml:id="s-N67121" label="s" ref="s-n65" as="xces">
        <fs>
            <f name="id" value="p9s1"/>
        </fs>
    </a>
    <node xml:id="s-n66">
        <link targets="s-r66"/>
    </node>
    <a xml:id="s-N67145" label="s" ref="s-n66" as="xces">
        <fs>
            <f name="id" value="p9s2"/>
        </fs>
    </a>
    <node xml:id="s-n67">
        <link targets="s-r67"/>
    </node>
    <a xml:id="s-N67169" label="s" ref="s-n67" as="xces">
        <fs>
            <f name="id" value="p9s3"/>
        </fs>
    </a>
    <node xml:id="s-n68">
        <link targets="s-r68"/>
    </node>
    <a xml:id="s-N67193" label="s" ref="s-n68" as="xces">
        <fs>
            <f name="id" value="p9s4"/>
        </fs>
    </a>
    <node xml:id="s-n69">
        <link targets="s-r69"/>
    </node>
    <a xml:id="s-N67217" label="s" ref="s-n69" as="xces">
        <fs>
            <f name="id" value="p9s5"/>
        </fs>
    </a>
    <node xml:id="s-n7">
        <link targets="s-r7"/>
    </node>
    <a xml:id="s-N65729" label="s" ref="s-n7" as="xces">
        <fs>
            <f name="id" value="p2s1"/>
        </fs>
    </a>
    <node xml:id="s-n70">
        <link targets="s-r70"/>
    </node>
    <a xml:id="s-N67241" label="s" ref="s-n70" as="xces">
        <fs>
            <f name="id" value="p9s6"/>
        </fs>
    </a>
    <node xml:id="s-n71">
        <link targets="s-r71"/>
    </node>
    <a xml:id="s-N67265" label="s" ref="s-n71" as="xces">
        <fs>
            <f name="id" value="p10s1"/>
        </fs>
    </a>
    <node xml:id="s-n72">
        <link targets="s-r72"/>
    </node>
    <a xml:id="s-N67289" label="s" ref="s-n72" as="xces">
        <fs>
            <f name="id" value="p10s2"/>
        </fs>
    </a>
    <node xml:id="s-n73">
        <link targets="s-r73"/>
    </node>
    <a xml:id="s-N67313" label="s" ref="s-n73" as="xces">
        <fs>
            <f name="id" value="p10s3"/>
        </fs>
    </a>
    <node xml:id="s-n74">
        <link targets="s-r74"/>
    </node>
    <a xml:id="s-N67337" label="s" ref="s-n74" as="xces">
        <fs>
            <f name="id" value="p10s4"/>
        </fs>
    </a>
    <node xml:id="s-n75">
        <link targets="s-r75"/>
    </node>
    <a xml:id="s-N67361" label="s" ref="s-n75" as="xces">
        <fs>
            <f name="id" value="p10s5"/>
        </fs>
    </a>
    <node xml:id="s-n76">
        <link targets="s-r76"/>
    </node>
    <a xml:id="s-N67385" label="s" ref="s-n76" as="xces">
        <fs>
            <f name="id" value="p10s6"/>
        </fs>
    </a>
    <node xml:id="s-n77">
        <link targets="s-r77"/>
    </node>
    <a xml:id="s-N67409" label="s" ref="s-n77" as="xces">
        <fs>
            <f name="id" value="p10s7"/>
        </fs>
    </a>
    <node xml:id="s-n78">
        <link targets="s-r78"/>
    </node>
    <a xml:id="s-N67433" label="s" ref="s-n78" as="xces">
        <fs>
            <f name="id" value="p11s1"/>
        </fs>
    </a>
    <node xml:id="s-n79">
        <link targets="s-r79"/>
    </node>
    <a xml:id="s-N67457" label="s" ref="s-n79" as="xces">
        <fs>
            <f name="id" value="p11s2"/>
        </fs>
    </a>
    <node xml:id="s-n8">
        <link targets="s-r8"/>
    </node>
    <a xml:id="s-N65753" label="s" ref="s-n8" as="xces">
        <fs>
            <f name="id" value="p2s2"/>
        </fs>
    </a>
    <node xml:id="s-n80">
        <link targets="s-r80"/>
    </node>
    <a xml:id="s-N67481" label="s" ref="s-n80" as="xces">
        <fs>
            <f name="id" value="p11s3"/>
        </fs>
    </a>
    <node xml:id="s-n81">
        <link targets="s-r81"/>
    </node>
    <a xml:id="s-N67505" label="s" ref="s-n81" as="xces">
        <fs>
            <f name="id" value="p12s1"/>
        </fs>
    </a>
    <node xml:id="s-n82">
        <link targets="s-r82"/>
    </node>
    <a xml:id="s-N67529" label="s" ref="s-n82" as="xces">
        <fs>
            <f name="id" value="p12s2"/>
        </fs>
    </a>
    <node xml:id="s-n83">
        <link targets="s-r83"/>
    </node>
    <a xml:id="s-N67553" label="s" ref="s-n83" as="xces">
        <fs>
            <f name="id" value="p12s3"/>
        </fs>
    </a>
    <node xml:id="s-n84">
        <link targets="s-r84"/>
    </node>
    <a xml:id="s-N67577" label="s" ref="s-n84" as="xces">
        <fs>
            <f name="id" value="p12s4"/>
        </fs>
    </a>
    <node xml:id="s-n85">
        <link targets="s-r85"/>
    </node>
    <a xml:id="s-N67601" label="s" ref="s-n85" as="xces">
        <fs>
            <f name="id" value="p12s5"/>
        </fs>
    </a>
    <node xml:id="s-n86">
        <link targets="s-r86"/>
    </node>
    <a xml:id="s-N67625" label="s" ref="s-n86" as="xces">
        <fs>
            <f name="id" value="p12s6"/>
        </fs>
    </a>
    <node xml:id="s-n87">
        <link targets="s-r87"/>
    </node>
    <a xml:id="s-N67649" label="s" ref="s-n87" as="xces">
        <fs>
            <f name="id" value="p12s7"/>
        </fs>
    </a>
    <node xml:id="s-n88">
        <link targets="s-r88"/>
    </node>
    <a xml:id="s-N67673" label="s" ref="s-n88" as="xces">
        <fs>
            <f name="id" value="p12s8"/>
        </fs>
    </a>
    <node xml:id="s-n89">
        <link targets="s-r89"/>
    </node>
    <a xml:id="s-N67697" label="s" ref="s-n89" as="xces">
        <fs>
            <f name="id" value="p12s9"/>
        </fs>
    </a>
    <node xml:id="s-n9">
        <link targets="s-r9"/>
    </node>
    <a xml:id="s-N65777" label="s" ref="s-n9" as="xces">
        <fs>
            <f name="id" value="p2s3"/>
        </fs>
    </a>
    <node xml:id="s-n90">
        <link targets="s-r90"/>
    </node>
    <a xml:id="s-N67721" label="s" ref="s-n90" as="xces">
        <fs>
            <f name="id" value="p12s10"/>
        </fs>
    </a>
    <node xml:id="s-n91">
        <link targets="s-r91"/>
    </node>
    <a xml:id="s-N67745" label="s" ref="s-n91" as="xces">
        <fs>
            <f name="id" value="p13s1"/>
        </fs>
    </a>
    <node xml:id="s-n92">
        <link targets="s-r92"/>
    </node>
    <a xml:id="s-N67769" label="s" ref="s-n92" as="xces">
        <fs>
            <f name="id" value="p13s2"/>
        </fs>
    </a>
    <node xml:id="s-n93">
        <link targets="s-r93"/>
    </node>
    <a xml:id="s-N67793" label="s" ref="s-n93" as="xces">
        <fs>
            <f name="id" value="p13s3"/>
        </fs>
    </a>
    <node xml:id="s-n94">
        <link targets="s-r94"/>
    </node>
    <a xml:id="s-N67817" label="s" ref="s-n94" as="xces">
        <fs>
            <f name="id" value="p13s4"/>
        </fs>
    </a>
    <node xml:id="s-n95">
        <link targets="s-r95"/>
    </node>
    <a xml:id="s-N67841" label="s" ref="s-n95" as="xces">
        <fs>
            <f name="id" value="p13s5"/>
        </fs>
    </a>
    <node xml:id="s-n96">
        <link targets="s-r96"/>
    </node>
    <a xml:id="s-N67865" label="s" ref="s-n96" as="xces">
        <fs>
            <f name="id" value="p13s6"/>
        </fs>
    </a>
    <node xml:id="s-n97">
        <link targets="s-r97"/>
    </node>
    <a xml:id="s-N67889" label="s" ref="s-n97" as="xces">
        <fs>
            <f name="id" value="p13s7"/>
        </fs>
    </a>
    <node xml:id="s-n98">
        <link targets="s-r98"/>
    </node>
    <a xml:id="s-N67913" label="s" ref="s-n98" as="xces">
        <fs>
            <f name="id" value="p14s1"/>
        </fs>
    </a>
</graph>
