Locating Local Masc files at /Users/frankcascio/anc/corpora/masc/MASC-3.0.0
Locating Local Oanc files at /Users/frankcascio/anc/corpora/OANC-1.2b1
graph WhatToHongKong.hdr has 4263 nodes
 node found at 10985 and 10989 
graph jokes10.hdr has 1539 nodes
 node found at 732 and 736 
graph jokes2.hdr has 3295 nodes
 node found at 12752 and 12756 
graph 114CUL057.hdr has 313 nodes
 node found at 508 and 512 
graph 111400.hdr has 844 nodes
 node found at 268 and 272 
graph hotel-california.hdr has 7580 nodes
 node found at 10918 and 10922 
graph 20020731-nyt.hdr has 8969 nodes
 node found at 17717 and 17721 
graph 111371.hdr has 337 nodes
 node found at 554 and 558 
graph Madame_White_Snake.hdr has 1979 nodes
 this is funny...node found at 9387 and 9391 
 this is funny...node found at 9392 and 9395 
graph alumnifund1.hdr has 314 nodes
 node found at 1631 and 1635 
graph tweets1.hdr has 13390 nodes
 node found at 16350 and 16354 
graph 1400.hdr has 6850 nodes
 node found at 14815 and 14819 
graph Nathans_Bylichka.hdr has 13138 nodes
 node found at 23431 and 23435 
graph Ant_Robot.hdr has 10064 nodes
 node found at 5558 and 5562 
graph 1399.hdr has 6839 nodes
 node found at 8385 and 8389 
graph CUP2.hdr has 6666 nodes
 node found at 7193 and 7197 
graph Nathans_Bylichka.hdr has 13138 nodes
 node found at 35596 and 35600 
graph 1402.hdr has 7217 nodes
 node found at 30601 and 30605 
graph 1471-2091-2-9.hdr has 4269 nodes
 this is funny...node found at 13680 and 13684 
graph Ant_Robot.hdr has 10064 nodes
 node found at 30146 and 30150 
graph 1402.hdr has 7217 nodes
 node found at 29610 and 29614 
graph lists-003-2171003.hdr has 155 nodes
 node found at 708 and 712 
graph WhatToHongKong.hdr has 4263 nodes
 node found at 7344 and 7348 
graph lists-003-2173878.hdr has 934 nodes
 node found at 1466 and 1470 
graph pirates.hdr has 22327 nodes
 node found at 70836 and 70840 
graph Article247_400.hdr has 797 nodes
 node found at 3112 and 3116 
graph hotel-california.hdr has 7580 nodes
 node found at 30533 and 30537 
graph 111364.hdr has 350 nodes
 node found at 451 and 455 
graph 1403.hdr has 7032 nodes
 node found at 28848 and 28852 
graph Ohio_Steel.hdr has 3713 nodes
 node found at 1600 and 1604 
graph marine1.hdr has 888 nodes
 node found at 4369 and 4373 
graph ch5.hdr has 5059 nodes
 node found at 29416 and 29420 
graph ch5.hdr has 5059 nodes
 node found at 16256 and 16260 
graph Env_Prot_Agency-nov1.hdr has 5330 nodes
 node found at 24429 and 24433 
graph lists-003-2173878.hdr has 934 nodes
 node found at 1661 and 1665 
graph 112C-L014.hdr has 307 nodes
 node found at 1190 and 1194 
graph Ant_Robot.hdr has 10064 nodes
 node found at 30052 and 30056 
graph VOL15_3.hdr has 17302 nodes
 node found at 65007 and 65011 
graph 111425.hdr has 349 nodes
 node found at 1422 and 1426 
graph blog-varsity-athletics.hdr has 1131 nodes
 node found at 5362 and 5366 
graph ch5.hdr has 5059 nodes
 node found at 15919 and 15923 
graph guidedogs1.hdr has 702 nodes
 node found at 1445 and 1449 
graph ucb9.hdr has 202 nodes
 node found at 583 and 587 
graph 1401.hdr has 6435 nodes
 node found at 2531 and 2535 
graph 111406.hdr has 97 nodes
 node found at 222 and 226 
graph blog-new-year's-resolutions.hdr has 1144 nodes
 node found at 1764 and 1768 
graph pirates.hdr has 22327 nodes
 node found at 70113 and 70117 
graph Uprooted_Farming-on-Sand.hdr has 1103 nodes
 node found at 4264 and 4268 
graph 114424.hdr has 215 nodes
 node found at 783 and 787 
graph VOL15_3.hdr has 17302 nodes
 node found at 47116 and 47120 
graph 110CYL200.hdr has 454 nodes
 node found at 1163 and 1167 
graph chapter-10.hdr has 6887 nodes
 node found at 15849 and 15853 
graph 119CWL041.hdr has 260 nodes
 node found at 233 and 237 
graph 118CWL050.hdr has 724 nodes
 node found at 1621 and 1625 
graph JurassicParkIV-Scene_3.hdr has 2099 nodes
 node found at 4958 and 4962 
graph Ant_Robot.hdr has 10064 nodes
 node found at 4036 and 4040 
graph 118CWL050.hdr has 724 nodes
 node found at 1755 and 1759 
graph ch5.hdr has 5059 nodes
 node found at 1196 and 1200 
graph ucb8.hdr has 410 nodes
 node found at 1748 and 1752 
graph jokes13.hdr has 1426 nodes
 node found at 345 and 349 
graph 20020731-nyt.hdr has 8969 nodes
 node found at 8949 and 8953 
graph Ant_Robot.hdr has 10064 nodes
 node found at 1380 and 1384 
graph jokes1.hdr has 4291 nodes
 node found at 13994 and 13998 
graph jokes8.hdr has 1613 nodes
 node found at 6602 and 6606 
graph 1400.hdr has 6850 nodes
 node found at 4437 and 4441 
graph Ohio_Steel.hdr has 3713 nodes
 node found at 10453 and 10457 
graph lists-003-2205935.hdr has 1438 nodes
 node found at 6332 and 6336 
graph chapter-10.hdr has 6887 nodes
 node found at 35649 and 35653 
graph 23559.hdr has 384 nodes
 node found at 2312 and 2316 
graph 54262.hdr has 555 nodes
 node found at 1284 and 1288 
graph 1400.hdr has 6850 nodes
 node found at 5407 and 5411 
graph 114CUL060.hdr has 460 nodes
 node found at 933 and 937 
graph jokes10.hdr has 1539 nodes
 node found at 1416 and 1420 
graph ucb49.hdr has 198 nodes
 node found at 419 and 423 
graph A_defense_of_Michael_Moore.hdr has 5654 nodes
 node found at 24909 and 24913 
graph JurassicParkIV-Scene_3.hdr has 2099 nodes
 node found at 7446 and 7450 
graph 54261.hdr has 556 nodes
 node found at 1322 and 1326 
graph 114445.hdr has 601 nodes
 node found at 3030 and 3034 
graph hotel-california.hdr has 7580 nodes
 node found at 9519 and 9523 
graph lists-046-11489622.hdr has 494 nodes
 node found at 2137 and 2141 
graph 1399.hdr has 6839 nodes
 node found at 20817 and 20821 
graph anth_essay_4.hdr has 3752 nodes
 node found at 19125 and 19129 
graph Article247_3500.hdr has 783 nodes
 node found at 2092 and 2096 
graph 111414.hdr has 711 nodes
 node found at 905 and 909 
graph Ohio_Steel.hdr has 3713 nodes
 node found at 9910 and 9914 
graph 20020731-nyt.hdr has 8969 nodes
 node found at 17540 and 17544 
graph aspca1.hdr has 795 nodes
 node found at 738 and 742 
graph lists-003-2137010.hdr has 1100 nodes
 node found at 963 and 967 
graph marine1.hdr has 888 nodes
 node found at 3488 and 3492 
graph 1399.hdr has 6839 nodes
 node found at 7386 and 7390 
graph 12030.hdr has 286 nodes
 node found at 1340 and 1344 
graph tweets2.hdr has 15233 nodes
 node found at 54865 and 54869 
graph 49059.hdr has 439 nodes
 node found at 990 and 994 
graph WhereToHongKong.hdr has 11754 nodes
 node found at 54598 and 54602 
graph 221197.hdr has 249 nodes
 node found at 301 and 305 
graph jokes2.hdr has 3295 nodes
 node found at 13008 and 13012 
graph ch1.hdr has 0 nodes
graph 534C-L252.hdr has 0 nodes
graph gb-2002-3-10-research0056.hdr has 0 nodes
graph ch10.hdr has 0 nodes
graph d03419sp.hdr has 0 nodes
graph 1471-2121-3-2.hdr has 0 nodes
graph Bahamas-Intro.hdr has 0 nodes
graph ar104.hdr has 0 nodes
graph 1471-2199-2-3.hdr has 0 nodes
graph 1471-2431-2-1.hdr has 0 nodes
graph 1472-6750-2-14.hdr has 0 nodes
graph ArticleIP_22709.hdr has 0 nodes
graph ArticleIP_18028.hdr has 0 nodes
graph ArticleIP_68614.hdr has 0 nodes
graph Article247_4385.hdr has 0 nodes
graph ArticleIP_21655.hdr has 0 nodes
graph Article247_3733.hdr has 0 nodes
graph 1477-7827-1-43.hdr has 0 nodes
graph gb-2003-4-8-r50.hdr has 0 nodes
graph 1471-2407-2-31.hdr has 0 nodes
graph ArticleIP_1744.hdr has 0 nodes
graph gb-2002-3-11-research0059.hdr has 0 nodes
graph 1471-213X-3-4.hdr has 0 nodes
graph d03419sp.hdr has 0 nodes
graph ArticleIP_8263.hdr has 0 nodes
graph ch9.hdr has 0 nodes
graph WhereToEgypt.hdr has 0 nodes
graph 1472-6793-2-18.hdr has 0 nodes
graph Article247_3500.hdr has 783 nodes
 node found at 2092 and 2096 
graph ArticleIP_25248.hdr has 0 nodes
graph d03419sp.hdr has 0 nodes
graph Cohenetal_comparison.hdr has 0 nodes
graph ArticleIP_2647.hdr has 0 nodes
graph Article247_742.hdr has 0 nodes
graph ArticleIP_3929.hdr has 0 nodes
graph 1471-2105-4-28.hdr has 0 nodes
graph chapter-12.hdr has 0 nodes
graph Article247_564.hdr has 0 nodes
graph highlight_Senior_Day.hdr has 0 nodes
graph ctm4-10.hdr has 0 nodes
graph gb-2002-3-11-research0065.hdr has 0 nodes
graph ArticleIP_2504.hdr has 0 nodes
graph Article247_3927.hdr has 0 nodes
graph gb-2002-3-12-research0075.hdr has 0 nodes
graph 1471-2121-3-16.hdr has 0 nodes
graph Article247_3863.hdr has 0 nodes
graph WhatToGreek.hdr has 0 nodes
graph 1471-2105-3-22.hdr has 0 nodes
graph chapter-6.hdr has 0 nodes
graph 1471-2229-2-11.hdr has 0 nodes
graph 1471-2407-1-6.hdr has 0 nodes
graph Bahamas-WhatToDo.hdr has 0 nodes
graph ch15.hdr has 0 nodes
graph 1472-6807-2-3.hdr has 0 nodes
graph 1472-6947-3-5.hdr has 0 nodes
graph ArticleIP_1065.hdr has 0 nodes
graph 1471-2202-2-2.hdr has 0 nodes
graph 1471-2229-2-9.hdr has 0 nodes
graph 1471-2180-2-32.hdr has 0 nodes
graph 1476-9433-1-2.hdr has 0 nodes
graph ArticleIP_3542.hdr has 0 nodes
graph chapter-10.hdr has 6887 nodes
 node found at 15849 and 15853 
graph Session3-PDF.hdr has 0 nodes
graph Article247_3811.hdr has 0 nodes
graph VOL15_2.hdr has 0 nodes
graph ArticleIP_4101.hdr has 0 nodes
graph ArticleIP_2562.hdr has 0 nodes
graph 1476-9433-1-2.hdr has 0 nodes
graph ArticleIP_3612.hdr has 0 nodes
graph VOL17_3.hdr has 0 nodes
graph Session2-PDF.hdr has 0 nodes
graph 1471-2407-3-18.hdr has 0 nodes
graph ArticleIP_1931.hdr has 0 nodes
graph Article247_820.hdr has 0 nodes
graph VOL19_4.hdr has 0 nodes
graph 1471-2105-4-28.hdr has 0 nodes
graph Article247_4043.hdr has 0 nodes
graph ch2.hdr has 0 nodes
graph d01591sp.hdr has 0 nodes
graph 1471-2121-3-16.hdr has 0 nodes
graph Mitchell_RMVancouver.hdr has 0 nodes
graph Article247_4294.hdr has 0 nodes
graph 1471-2105-3-38.hdr has 0 nodes
graph Bali-WhereToGo.hdr has 0 nodes
graph Article247_3438.hdr has 0 nodes
graph Cuba-WhereToGo.hdr has 0 nodes
graph pe1019.hdr has 0 nodes
graph 1471-2091-3-18.hdr has 0 nodes
graph ar149.hdr has 0 nodes
graph ArticleIP_3469.hdr has 0 nodes
graph 1471-2148-2-14.hdr has 0 nodes
graph 1471-2202-1-1.hdr has 0 nodes
graph 1471-2121-3-4.hdr has 0 nodes
graph 1471-5945-1-3.hdr has 0 nodes
graph chapter-12.hdr has 0 nodes
graph 526C-L274.hdr has 0 nodes
graph 1471-2180-1-7.hdr has 0 nodes
graph WhatToItaly.hdr has 0 nodes
graph HistoryIndia.hdr has 0 nodes
graph 1477-7827-1-43.hdr has 0 nodes
graph chapter-9.hdr has 0 nodes
graph ar745.hdr has 0 nodes
graph ArticleIP_33406.hdr has 0 nodes
graph d01591sp.hdr has 0 nodes
graph VOL23_3.hdr has 0 nodes
graph ArticleIP_1648.hdr has 0 nodes
graph gb-2002-3-4-research0019.hdr has 0 nodes
graph 1471-2121-2-18.hdr has 0 nodes
graph Using_Tech_Tools.hdr has 0 nodes
graph ArticleIP_34339.hdr has 0 nodes
graph ArticleIP_3572.hdr has 0 nodes
graph ch14.hdr has 0 nodes
graph 1471-2105-3-22.hdr has 0 nodes
graph 1471-2180-1-26.hdr has 0 nodes
graph ArticleIP_3244.hdr has 0 nodes
graph ArticleIP_32147.hdr has 0 nodes
graph ArticleIP_3083.hdr has 0 nodes
graph ar104.hdr has 0 nodes
graph 1472-6874-2-8.hdr has 0 nodes
graph ArticleIP_43856.hdr has 0 nodes
graph 1471-2172-3-10.hdr has 0 nodes
graph ArticleIP_7881.hdr has 0 nodes
graph ArticleIP_3482.hdr has 0 nodes
graph 1471-2172-2-3.hdr has 0 nodes
graph 1472-6947-3-5.hdr has 0 nodes
graph ArticleIP_2043.hdr has 0 nodes
graph 1471-2180-2-20.hdr has 0 nodes
graph 530C-L208.hdr has 0 nodes
graph ArticleIP_3536.hdr has 0 nodes
graph 1471-2180-2-1.hdr has 0 nodes
graph 108CXL026.hdr has 0 nodes
graph rr73.hdr has 0 nodes
graph HistoryHawaii.hdr has 0 nodes
graph 1471-2377-3-4.hdr has 0 nodes
graph ArticleIP_2950.hdr has 0 nodes
graph 1472-6750-2-14.hdr has 0 nodes
graph ArticleIP_2567.hdr has 0 nodes
graph VOL18_4.hdr has 0 nodes
graph Article247_4172.hdr has 0 nodes
graph Domestic_violence_aid.hdr has 0 nodes
graph chapter-8.hdr has 0 nodes
graph Article247_918.hdr has 0 nodes
graph 1471-2172-2-3.hdr has 0 nodes
graph ArticleIP_3545.hdr has 0 nodes
graph ArticleIP_25848.hdr has 0 nodes
graph 1471-2202-1-1.hdr has 0 nodes
graph 1471-2407-2-17.hdr has 0 nodes
graph chapter-5.hdr has 0 nodes
graph 1477-5956-1-1.hdr has 0 nodes
graph Library_Lawyers.hdr has 0 nodes
graph 1477-5956-1-1.hdr has 0 nodes
graph nov1.hdr has 0 nodes
graph 1471-2121-3-21.hdr has 0 nodes
graph Article247_389.hdr has 0 nodes
graph ArticleIP_1903.hdr has 0 nodes
graph im814.hdr has 0 nodes
graph gb-2001-2-7-research0024.hdr has 0 nodes
graph gb-2001-2-10-research0042.hdr has 0 nodes
graph Article247_614.hdr has 0 nodes
graph 537C-L268.hdr has 0 nodes
graph ArticleIP_1596.hdr has 0 nodes
graph Strategic_report.hdr has 0 nodes
graph VOL16_1.hdr has 0 nodes
graph 609CWL240.hdr has 0 nodes
graph Article247_3963.hdr has 0 nodes
graph 1472-6793-1-15.hdr has 0 nodes
graph ArticleIP_2949.hdr has 0 nodes
graph ArticleIP_3911.hdr has 0 nodes
graph chP.hdr has 0 nodes
graph gb-2002-3-12-research0088.hdr has 0 nodes
graph ArticleIP_2487.hdr has 0 nodes
graph 1475-2875-2-10.hdr has 0 nodes
graph 1471-2199-2-12.hdr has 0 nodes
graph Article247_520.hdr has 0 nodes
graph 1471-2105-3-34.hdr has 0 nodes
graph Crete-WhereToGo.hdr has 0 nodes
graph 1471-2105-3-38.hdr has 0 nodes
graph 1471-244X-3-5.hdr has 0 nodes
graph VOL23_2.hdr has 0 nodes
graph ArticleIP_3921.hdr has 0 nodes
graph im814.hdr has 0 nodes
graph 1471-2156-2-5.hdr has 0 nodes
graph d03232sp.hdr has 0 nodes
graph ArticleIP_23263.hdr has 0 nodes
graph ch1.hdr has 0 nodes
graph ArticleIP_2416.hdr has 0 nodes
graph commission_report.hdr has 0 nodes
graph 1471-2229-2-9.hdr has 0 nodes
graph Article247_4038.hdr has 0 nodes
graph ArticleIP_2631.hdr has 0 nodes
graph VOL18_2.hdr has 0 nodes
graph ArticleIP_3922.hdr has 0 nodes
graph Mitchell_6-17-Mit.hdr has 0 nodes
graph VOL16_3.hdr has 0 nodes
graph Article247_590.hdr has 0 nodes
graph CanaryIslands-WhatToDo.hdr has 0 nodes
graph 603CWL195.hdr has 0 nodes
graph gb-2002-3-12-research0087.hdr has 0 nodes
graph ch6.hdr has 0 nodes
graph ai2132.hdr has 0 nodes
graph gb-2003-4-7-r42.hdr has 0 nodes
graph ch3.hdr has 0 nodes
graph ArticleIP_21234.hdr has 0 nodes
graph ArticleIP_56526.hdr has 0 nodes
graph California-WhereToGo.hdr has 0 nodes
graph VOL15_2.hdr has 0 nodes
graph 513C-L142.hdr has 0 nodes
graph VOL21_4.hdr has 0 nodes
graph Session3-PDF.hdr has 0 nodes
graph ArticleIP_2418.hdr has 0 nodes
graph HistoryJamaica.hdr has 0 nodes
graph CommercialAppealMemphis2.hdr has 0 nodes
graph gb-2003-4-9-r60.hdr has 0 nodes
graph Law-school_grads.hdr has 0 nodes
graph PuertoRico-WhereToGo.hdr has 0 nodes
graph VOL19_4.hdr has 0 nodes
graph Testimony_Jul15-2002_d02940t.hdr has 0 nodes
graph 401CVL006.hdr has 0 nodes
graph ArticleIP_2616.hdr has 0 nodes
graph ch6.hdr has 0 nodes
graph PuertoRico-WhereToGo.hdr has 0 nodes
graph 109CYL019.hdr has 0 nodes
graph ctf7-10.hdr has 0 nodes
graph VOL17_4.hdr has 0 nodes
graph ArticleIP_36584.hdr has 0 nodes
graph ArticleIP_2655.hdr has 0 nodes
graph ch3.hdr has 0 nodes
graph ArticleIP_2634.hdr has 0 nodes
graph ArticleIP_11484.hdr has 0 nodes
graph Article247_3873.hdr has 0 nodes
graph chapter-12.hdr has 0 nodes
graph Article247_4176.hdr has 0 nodes
graph Article247_514.hdr has 0 nodes
graph 1471-2164-4-2.hdr has 0 nodes
graph ArticleIP_2701.hdr has 0 nodes
graph ArticleIP_30215.hdr has 0 nodes
graph 1471-2466-3-1.hdr has 0 nodes
graph ArticleIP_1189.hdr has 0 nodes
graph ffm.hdr has 0 nodes
graph 609CWL258.hdr has 0 nodes
graph ArticleIP_17801.hdr has 0 nodes
graph Article247_3438.hdr has 0 nodes
graph ArticleIP_66225.hdr has 0 nodes
graph chapter-6.hdr has 0 nodes
graph 308CUL226.hdr has 0 nodes
graph Article247_360.hdr has 0 nodes
graph 1475-2867-3-4.hdr has 0 nodes
graph bcr317.hdr has 0 nodes
graph ArticleIP_32343.hdr has 0 nodes
graph 1472-6750-2-14.hdr has 0 nodes
graph ar795.hdr has 0 nodes
graph Article247_416.hdr has 0 nodes
graph ArticleIP_2498.hdr has 0 nodes
graph ArticleIP_25481.hdr has 0 nodes
graph 1476-069X-2-4.hdr has 0 nodes
graph ArticleIP_1670.hdr has 0 nodes
graph ArticleIP_1926.hdr has 0 nodes
graph VOL17_1.hdr has 0 nodes
graph ArticleIP_35790.hdr has 0 nodes
graph Berlin-WhereToGo.hdr has 0 nodes
graph 1471-2105-4-28.hdr has 0 nodes
graph 110CYL200.hdr has 454 nodes
 node found at 1163 and 1167 
graph 114CUL057.hdr has 313 nodes
 node found at 508 and 512 
graph 118CWL050.hdr has 724 nodes
 node found at 1621 and 1625 
graph 119CWL041.hdr has 260 nodes
 node found at 233 and 237 
graph Article247_3500.hdr has 783 nodes
 node found at 2092 and 2096 
graph ch5.hdr has 5059 nodes
 node found at 29416 and 29420 
graph chapter-10.hdr has 6887 nodes
 node found at 15849 and 15853 
graph 111348.hdr has 537 nodes
 node found at 1933 and 1937 
graph 111364.hdr has 350 nodes
 node found at 451 and 455 
graph 111371.hdr has 337 nodes
 node found at 554 and 558 
graph 111400.hdr has 844 nodes
 node found at 268 and 272 
graph 111425.hdr has 349 nodes
 node found at 1422 and 1426 
graph 114424.hdr has 215 nodes
 node found at 783 and 787 
graph 114445.hdr has 601 nodes
 node found at 3030 and 3034 
graph 1399.hdr has 6839 nodes
 node found at 7386 and 7390 
graph 1400.hdr has 6850 nodes
 node found at 5407 and 5411 
graph 1402.hdr has 7217 nodes
 node found at 29610 and 29614 
graph 1402.hdr has 7217 nodes
 node found at 30601 and 30605 
graph 1403.hdr has 7032 nodes
 node found at 28848 and 28852 
graph 20020731-nyt.hdr has 8969 nodes
 node found at 17540 and 17544 
graph 23559.hdr has 384 nodes
 node found at 2312 and 2316 
graph 54261.hdr has 556 nodes
 node found at 1322 and 1326 
graph 54262.hdr has 555 nodes
 node found at 1284 and 1288 
graph 54263.hdr has 440 nodes
 node found at 747 and 751 
graph alumnifund1.hdr has 314 nodes
 node found at 1631 and 1635 
graph Ant_Robot.hdr has 10064 nodes
 node found at 1380 and 1384 
graph Ant_Robot.hdr has 10064 nodes
 node found at 5451 and 5455 
graph Ant_Robot.hdr has 10064 nodes
 node found at 5558 and 5562 
graph Ant_Robot.hdr has 10064 nodes
 node found at 30052 and 30056 
graph anth_essay_4.hdr has 3752 nodes
 node found at 19125 and 19129 
graph CUP2.hdr has 6666 nodes
 node found at 7193 and 7197 
graph guidedogs1.hdr has 702 nodes
 node found at 1445 and 1449 
graph hotel-california.hdr has 7580 nodes
 node found at 30533 and 30537 
graph jokes10.hdr has 1539 nodes
 node found at 732 and 736 
graph jokes8.hdr has 1613 nodes
 node found at 6602 and 6606 
graph JurassicParkIV-Scene_3.hdr has 2099 nodes
 node found at 7446 and 7450 
graph lists-003-2173878.hdr has 934 nodes
 node found at 1466 and 1470 
graph marine1.hdr has 888 nodes
 node found at 3488 and 3492 
graph marine1.hdr has 888 nodes
 node found at 4369 and 4373 
graph Nathans_Bylichka.hdr has 13138 nodes
 node found at 35596 and 35600 
graph Ohio_Steel.hdr has 3713 nodes
 node found at 9910 and 9914 
graph pirates.hdr has 22327 nodes
 node found at 70836 and 70840 
graph tweets1.hdr has 13390 nodes
 node found at 16350 and 16354 
graph Uprooted_Farming-on-Sand.hdr has 1103 nodes
 node found at 4264 and 4268 
graph WhatToHongKong.hdr has 4263 nodes
 node found at 10985 and 10989 
graph WhereToHongKong.hdr has 11754 nodes
 node found at 54598 and 54602 
graph WhatToHongKong.hdr has 4263 nodes
 node found at 10985 and 10989 
graph jokes10.hdr has 1539 nodes
 node found at 732 and 736 
graph jokes2.hdr has 3295 nodes
 node found at 12752 and 12756 
graph 114CUL057.hdr has 313 nodes
 node found at 508 and 512 
graph 111400.hdr has 844 nodes
 node found at 268 and 272 
graph hotel-california.hdr has 7580 nodes
 node found at 10918 and 10922 
graph 20020731-nyt.hdr has 8969 nodes
 node found at 17717 and 17721 
graph 111371.hdr has 337 nodes
 node found at 554 and 558 
graph Madame_White_Snake.hdr has 1979 nodes
 this is funny...node found at 9387 and 9391 
 this is funny...node found at 9392 and 9395 
graph alumnifund1.hdr has 314 nodes
 node found at 1631 and 1635 
graph tweets1.hdr has 13390 nodes
 node found at 16350 and 16354 
graph 1400.hdr has 6850 nodes
 node found at 14815 and 14819 
graph Nathans_Bylichka.hdr has 13138 nodes
 node found at 23431 and 23435 
graph Ant_Robot.hdr has 10064 nodes
 node found at 5558 and 5562 
graph 1399.hdr has 6839 nodes
 node found at 8385 and 8389 
graph CUP2.hdr has 6666 nodes
 node found at 7193 and 7197 
graph Nathans_Bylichka.hdr has 13138 nodes
 node found at 35596 and 35600 
graph 1402.hdr has 7217 nodes
 node found at 30601 and 30605 
graph 1471-2091-2-9.hdr has 4269 nodes
 this is funny...node found at 13680 and 13684 
graph Ant_Robot.hdr has 10064 nodes
 node found at 30146 and 30150 
graph 1402.hdr has 7217 nodes
 node found at 29610 and 29614 
graph lists-003-2171003.hdr has 155 nodes
 node found at 708 and 712 
graph WhatToHongKong.hdr has 4263 nodes
 node found at 7344 and 7348 
graph lists-003-2173878.hdr has 934 nodes
 node found at 1466 and 1470 
graph pirates.hdr has 22327 nodes
 node found at 70836 and 70840 
graph Article247_400.hdr has 797 nodes
 node found at 3112 and 3116 
graph hotel-california.hdr has 7580 nodes
 node found at 30533 and 30537 
graph 111364.hdr has 350 nodes
 node found at 451 and 455 
graph 1403.hdr has 7032 nodes
 node found at 28848 and 28852 
graph Ohio_Steel.hdr has 3713 nodes
 node found at 1600 and 1604 
graph marine1.hdr has 888 nodes
 node found at 4369 and 4373 
graph ch5.hdr has 5059 nodes
 node found at 29416 and 29420 
graph ch5.hdr has 5059 nodes
 node found at 16256 and 16260 
graph Env_Prot_Agency-nov1.hdr has 5330 nodes
 node found at 24429 and 24433 
graph lists-003-2173878.hdr has 934 nodes
 node found at 1661 and 1665 
graph 112C-L014.hdr has 307 nodes
 node found at 1190 and 1194 
graph Ant_Robot.hdr has 10064 nodes
 node found at 30052 and 30056 
graph VOL15_3.hdr has 17302 nodes
 node found at 65007 and 65011 
graph 111425.hdr has 349 nodes
 node found at 1422 and 1426 
graph blog-varsity-athletics.hdr has 1131 nodes
 node found at 5362 and 5366 
graph ch5.hdr has 5059 nodes
 node found at 15919 and 15923 
graph guidedogs1.hdr has 702 nodes
 node found at 1445 and 1449 
graph ucb9.hdr has 202 nodes
 node found at 583 and 587 
graph 1401.hdr has 6435 nodes
 node found at 2531 and 2535 
graph 111406.hdr has 97 nodes
 node found at 222 and 226 
graph blog-new-year's-resolutions.hdr has 1144 nodes
 node found at 1764 and 1768 
graph pirates.hdr has 22327 nodes
 node found at 70113 and 70117 
graph Uprooted_Farming-on-Sand.hdr has 1103 nodes
 node found at 4264 and 4268 
graph 114424.hdr has 215 nodes
 node found at 783 and 787 
graph VOL15_3.hdr has 17302 nodes
 node found at 47116 and 47120 
graph 110CYL200.hdr has 454 nodes
 node found at 1163 and 1167 
graph chapter-10.hdr has 6887 nodes
 node found at 15849 and 15853 
graph 119CWL041.hdr has 260 nodes
 node found at 233 and 237 
graph 118CWL050.hdr has 724 nodes
 node found at 1621 and 1625 
graph JurassicParkIV-Scene_3.hdr has 2099 nodes
 node found at 4958 and 4962 
graph Ant_Robot.hdr has 10064 nodes
 node found at 4036 and 4040 
graph 118CWL050.hdr has 724 nodes
 node found at 1755 and 1759 
graph ch5.hdr has 5059 nodes
 node found at 1196 and 1200 
graph ucb8.hdr has 410 nodes
 node found at 1748 and 1752 
graph jokes13.hdr has 1426 nodes
 node found at 345 and 349 
graph 20020731-nyt.hdr has 8969 nodes
 node found at 8949 and 8953 
graph Ant_Robot.hdr has 10064 nodes
 node found at 1380 and 1384 
graph jokes1.hdr has 4291 nodes
 node found at 13994 and 13998 
graph jokes8.hdr has 1613 nodes
 node found at 6602 and 6606 
graph 1400.hdr has 6850 nodes
 node found at 4437 and 4441 
graph Ohio_Steel.hdr has 3713 nodes
 node found at 10453 and 10457 
graph lists-003-2205935.hdr has 1438 nodes
 node found at 6332 and 6336 
graph chapter-10.hdr has 6887 nodes
 node found at 35649 and 35653 
graph 23559.hdr has 384 nodes
 node found at 2312 and 2316 
graph 54262.hdr has 555 nodes
 node found at 1284 and 1288 
graph 1400.hdr has 6850 nodes
 node found at 5407 and 5411 
graph 114CUL060.hdr has 460 nodes
 node found at 933 and 937 
graph jokes10.hdr has 1539 nodes
 node found at 1416 and 1420 
graph ucb49.hdr has 198 nodes
 node found at 419 and 423 
graph A_defense_of_Michael_Moore.hdr has 5654 nodes
 node found at 24909 and 24913 
graph JurassicParkIV-Scene_3.hdr has 2099 nodes
 node found at 7446 and 7450 
graph 54261.hdr has 556 nodes
 node found at 1322 and 1326 
graph 114445.hdr has 601 nodes
 node found at 3030 and 3034 
graph hotel-california.hdr has 7580 nodes
 node found at 9519 and 9523 
graph lists-046-11489622.hdr has 494 nodes
 node found at 2137 and 2141 
graph 1399.hdr has 6839 nodes
 node found at 20817 and 20821 
graph anth_essay_4.hdr has 3752 nodes
 node found at 19125 and 19129 
graph Article247_3500.hdr has 783 nodes
 node found at 2092 and 2096 
graph 111414.hdr has 711 nodes
 node found at 905 and 909 
graph Ohio_Steel.hdr has 3713 nodes
 node found at 9910 and 9914 
graph 20020731-nyt.hdr has 8969 nodes
 node found at 17540 and 17544 
graph aspca1.hdr has 795 nodes
 node found at 738 and 742 
graph lists-003-2137010.hdr has 1100 nodes
 node found at 963 and 967 
graph marine1.hdr has 888 nodes
 node found at 3488 and 3492 
graph 1399.hdr has 6839 nodes
 node found at 7386 and 7390 
graph 12030.hdr has 286 nodes
 node found at 1340 and 1344 
graph tweets2.hdr has 15233 nodes
 node found at 54865 and 54869 
graph 49059.hdr has 439 nodes
 node found at 990 and 994 
graph WhereToHongKong.hdr has 11754 nodes
 node found at 54598 and 54602 
graph 111348.hdr has 537 nodes
 node found at 1933 and 1937 
graph Ant_Robot.hdr has 10064 nodes
 node found at 5451 and 5455 
graph VOL22_2.hdr has 0 nodes
graph 1471-2121-3-16.hdr has 0 nodes
graph Article247_534.hdr has 0 nodes
graph Article247_3729.hdr has 0 nodes
graph Article247_3660.hdr has 0 nodes
graph ArticleIP_73787.hdr has 0 nodes
graph Article247_4051.hdr has 0 nodes
graph 505C-L119.hdr has 0 nodes
graph 1472-6963-3-11.hdr has 0 nodes
graph pe1019.hdr has 0 nodes
graph ArticleIP_2322.hdr has 0 nodes
graph Sept27-2002_d02966.hdr has 0 nodes
graph Article247_4290.hdr has 0 nodes
graph 1471-2121-2-12.hdr has 0 nodes
graph ArticleIP_5433.hdr has 0 nodes
graph ch6.hdr has 0 nodes
graph ArticleIP_3580.hdr has 0 nodes
graph ArticleIP_3555.hdr has 0 nodes
graph gb-2002-3-9-research0044.hdr has 0 nodes
graph ArticleIP_3827.hdr has 0 nodes
graph VOL18_3.hdr has 0 nodes
graph 1471-2164-3-18.hdr has 0 nodes
graph Article247_4093.hdr has 0 nodes
graph ch9.hdr has 0 nodes
graph chapter-7.hdr has 0 nodes
graph ch4.hdr has 0 nodes
graph WhereToMadeira.hdr has 0 nodes
graph ArticleIP_2651.hdr has 0 nodes
graph 1471-2164-2-7.hdr has 0 nodes
graph ArticleIP_2042.hdr has 0 nodes
graph State_Planning_Report.hdr has 0 nodes
graph ArticleIP_31787.hdr has 0 nodes
graph 513C-L157.hdr has 0 nodes
graph 1471-2105-4-28.hdr has 0 nodes
graph ArticleIP_2954.hdr has 0 nodes
graph Coup_Reshapes_Legal_Aid.hdr has 0 nodes
graph ArticleIP_35944.hdr has 0 nodes
graph Article247_4271.hdr has 0 nodes
graph ArticleIP_56807.hdr has 0 nodes
graph WhereToJapan.hdr has 0 nodes
graph Article247_400.hdr has 797 nodes
 node found at 3112 and 3116 
graph ArticleIP_1223.hdr has 0 nodes
graph 1471-2121-3-13.hdr has 0 nodes
graph ch10.hdr has 0 nodes
graph ArticleIP_3247.hdr has 0 nodes
graph chapter-11.hdr has 0 nodes
graph 1471-2199-2-12.hdr has 0 nodes
graph 1475-2867-3-2.hdr has 0 nodes
graph ArticleIP_3021.hdr has 0 nodes
graph ArticleIP_30341.hdr has 0 nodes
graph Article247_3997.hdr has 0 nodes
graph ArticleIP_56004.hdr has 0 nodes
graph ch1.hdr has 0 nodes
graph Athens-WhereToGo.hdr has 0 nodes
graph VOL22_4.hdr has 0 nodes
graph commission_report.hdr has 0 nodes
graph ch6.hdr has 0 nodes
graph ArticleIP_2041.hdr has 0 nodes
graph d03419sp.hdr has 0 nodes
graph ArticleIP_2062.hdr has 0 nodes
graph ArticleIP_30862.hdr has 0 nodes
graph VOL21_1.hdr has 0 nodes
graph 1471-2105-4-13.hdr has 0 nodes
graph PuertoRico-WhatToDo.hdr has 0 nodes
graph Oct15-1999_gg00026t.hdr has 0 nodes
graph ArticleIP_5970.hdr has 0 nodes
graph Berlin-WhereToGo.hdr has 0 nodes
graph VOL22_4.hdr has 0 nodes
graph chA.hdr has 0 nodes
graph ArticleIP_3378.hdr has 0 nodes
graph 1471-2407-2-18.hdr has 0 nodes
graph Article247_4077.hdr has 0 nodes
graph Cohenetal_CreamSkimming.hdr has 0 nodes
graph gb-2002-3-12-research0082.hdr has 0 nodes
graph ArticleIP_38172.hdr has 0 nodes
graph Bali-History.hdr has 0 nodes
graph 1476-069X-2-7.hdr has 0 nodes
graph 1472-6750-2-2.hdr has 0 nodes
graph 301CUL074.hdr has 0 nodes
graph 1472-684X-1-5.hdr has 0 nodes
graph 1472-6807-2-5.hdr has 0 nodes
graph bcr605.hdr has 0 nodes
graph pe1019.hdr has 0 nodes
graph Article247_405.hdr has 0 nodes
graph Article247_813.hdr has 0 nodes
graph Article247_4156.hdr has 0 nodes
graph July11-2001_gg00172r.hdr has 0 nodes
graph 1471-2261-3-4.hdr has 0 nodes
graph ArticleIP_2459.hdr has 0 nodes
graph Article247_4065.hdr has 0 nodes
graph ArticleIP_1928.hdr has 0 nodes
graph 1471-2431-2-1.hdr has 0 nodes
graph 109CYL020.hdr has 0 nodes
graph ArticleIP_3050.hdr has 0 nodes
graph Article247_3803.hdr has 0 nodes
graph Article247_3524.hdr has 0 nodes
graph 1478-1336-1-2.hdr has 0 nodes
graph 1471-2180-2-32.hdr has 0 nodes
graph 1472-6793-1-15.hdr has 0 nodes
graph d01591sp.hdr has 0 nodes
graph Session4-PDF.hdr has 0 nodes
graph gb-2003-4-8-r50.hdr has 0 nodes
graph 1475-2867-3-2.hdr has 0 nodes
graph 1471-2180-1-12.hdr has 0 nodes
graph ArticleIP_3438.hdr has 0 nodes
graph gg96118.hdr has 0 nodes
graph ArticleIP_2621.hdr has 0 nodes
graph ArticleIP_3612.hdr has 0 nodes
graph ArticleIP_1926.hdr has 0 nodes
graph ArticleIP_1924.hdr has 0 nodes
graph ar104.hdr has 0 nodes
graph gb-2001-3-1-research0005.hdr has 0 nodes
graph chapter-11.hdr has 0 nodes
graph 1478-1336-1-4.hdr has 0 nodes
graph Testimony_cg00010t.hdr has 0 nodes
graph ArticleIP_1937.hdr has 0 nodes
graph State_Planning_Report.hdr has 0 nodes
graph 1472-6963-3-14.hdr has 0 nodes
graph ArticleIP_2498.hdr has 0 nodes
graph ArticleIP_2011.hdr has 0 nodes
graph ArticleIP_31681.hdr has 0 nodes
graph VOL16_1.hdr has 0 nodes
graph d03273g.hdr has 0 nodes
graph 1471-2105-4-26.hdr has 0 nodes
graph 1471-2180-1-16.hdr has 0 nodes
graph ArticleIP_12160.hdr has 0 nodes
graph Article247_599.hdr has 0 nodes
graph Crete-WhereToGo.hdr has 0 nodes
graph ch3.hdr has 0 nodes
graph 1475-2867-3-2.hdr has 0 nodes
graph Article247_68.hdr has 0 nodes
graph ArticleIP_2505.hdr has 0 nodes
graph ArticleIP_2897.hdr has 0 nodes
graph og98045.hdr has 0 nodes
graph multi102902.hdr has 0 nodes
graph Cohenetal_CreamSkimming.hdr has 0 nodes
graph d01376g.hdr has 0 nodes
graph ArticleIP_1769.hdr has 0 nodes
graph 1471-2407-2-19.hdr has 0 nodes
graph Article247_4483.hdr has 0 nodes
graph VOL18_4.hdr has 0 nodes
graph VOL16_3.hdr has 0 nodes
graph ch6.hdr has 0 nodes
graph d01591sp.hdr has 0 nodes
graph Canada-WhereToGo.hdr has 0 nodes
graph 1471-2466-3-1.hdr has 0 nodes
graph gb-2002-3-3-research0011.hdr has 0 nodes
graph ArticleIP_2363.hdr has 0 nodes
graph 1471-2210-3-3.hdr has 0 nodes
graph 1476-069X-1-3.hdr has 0 nodes
graph 513C-L144.hdr has 0 nodes
graph Vallarta-WhereToGo.hdr has 0 nodes
graph 1471-2164-4-19.hdr has 0 nodes
graph 1471-2164-4-24.hdr has 0 nodes
graph gb-2001-2-11-research0045.hdr has 0 nodes
graph 1471-2105-3-14.hdr has 0 nodes
graph ArticleIP_32318.hdr has 0 nodes
graph ch8.hdr has 0 nodes
graph gb-2002-3-10-research0055.hdr has 0 nodes
graph ArticleIP_19821.hdr has 0 nodes
graph gb-2001-2-11-research0045.hdr has 0 nodes
graph ArticleIP_2651.hdr has 0 nodes
graph ai9868.hdr has 0 nodes
graph ch8.hdr has 0 nodes
graph 107CYL010.hdr has 0 nodes
graph gb-2001-2-3-research0008.hdr has 0 nodes
graph 1472-6882-3-1.hdr has 0 nodes
graph 1471-2202-1-1.hdr has 0 nodes
graph im814.hdr has 0 nodes
graph Article247_856.hdr has 0 nodes
graph chV.hdr has 0 nodes
graph WhereToEgypt.hdr has 0 nodes
graph ArticleIP_1917.hdr has 0 nodes
graph ArticleIP_2263.hdr has 0 nodes
graph Article247_3868.hdr has 0 nodes
graph Bermuda-WhereToGo.hdr has 0 nodes
graph VOL16_4.hdr has 0 nodes
graph VOL19_3.hdr has 0 nodes
graph ArticleIP_33044.hdr has 0 nodes
graph 1471-2296-3-18.hdr has 0 nodes
graph ArticleIP_2631.hdr has 0 nodes
graph ArticleIP_64618.hdr has 0 nodes
graph 1471-2334-3-15.hdr has 0 nodes
graph VOL23_4.hdr has 0 nodes
graph gb-2002-3-12-research0086.hdr has 0 nodes
graph Article247_3290.hdr has 0 nodes
graph Free_legal_service.hdr has 0 nodes
graph 1471-2350-3-12.hdr has 0 nodes
graph 1471-2091-3-8.hdr has 0 nodes
graph ArticleIP_32715.hdr has 0 nodes
graph gb-2001-2-11-research0046.hdr has 0 nodes
graph Algarve-WhatToDo.hdr has 0 nodes
graph chapter-3.hdr has 0 nodes
graph chapter-5.hdr has 0 nodes
graph Amsterdam-WhatToDo.hdr has 0 nodes
graph 1476-4598-2-28.hdr has 0 nodes
graph 1471-2229-2-11.hdr has 0 nodes
graph bcr45.hdr has 0 nodes
graph ar795.hdr has 0 nodes
graph ArticleIP_2491.hdr has 0 nodes
graph ArticleIP_25481.hdr has 0 nodes
graph Article247_3729.hdr has 0 nodes
graph ArticleIP_30570.hdr has 0 nodes
graph 1471-2156-2-5.hdr has 0 nodes
graph ArticleIP_3025.hdr has 0 nodes
graph 1471-2210-2-6.hdr has 0 nodes
graph 1471-2199-4-5.hdr has 0 nodes
graph VOL19_3.hdr has 0 nodes
graph ArticleIP_3503.hdr has 0 nodes
graph 1471-244X-2-9.hdr has 0 nodes
graph Article247_857.hdr has 0 nodes
graph 1471-2156-4-5.hdr has 0 nodes
graph gb-2003-4-9-r57.hdr has 0 nodes
graph grants_fail_to_come.hdr has 0 nodes
graph California-WhereToGo.hdr has 0 nodes
graph Article247_960.hdr has 0 nodes
graph ch3.hdr has 0 nodes
graph ch4.hdr has 0 nodes
graph chapter-3.hdr has 0 nodes
graph ArticleIP_3855.hdr has 0 nodes
graph VOL16_4.hdr has 0 nodes
graph d03232sp.hdr has 0 nodes
graph 1472-6831-3-1.hdr has 0 nodes
graph VOL15_2.hdr has 0 nodes
graph Amsterdam-WhatToDo.hdr has 0 nodes
graph ArticleIP_30642.hdr has 0 nodes
graph Article247_3298.hdr has 0 nodes
graph 1471-2199-3-11.hdr has 0 nodes
graph Article247_4424.hdr has 0 nodes
graph 1472-6750-1-12.hdr has 0 nodes
graph 513C-L182.hdr has 0 nodes
graph Article247_3663.hdr has 0 nodes
graph Barnes_new_job.hdr has 0 nodes
graph Entities_Merge.hdr has 0 nodes
graph ArticleIP_22102.hdr has 0 nodes
graph 1471-2407-2-19.hdr has 0 nodes
graph ArticleIP_25271.hdr has 0 nodes
graph ArticleIP_27103.hdr has 0 nodes
graph chapter-12.hdr has 0 nodes
graph ArticleIP_3324.hdr has 0 nodes
graph Strategic_report.hdr has 0 nodes
graph 1471-2180-1-7.hdr has 0 nodes
graph ArticleIP_2299.hdr has 0 nodes
graph PuertoRico-WhereToGo.hdr has 0 nodes
graph VOL16_2.hdr has 0 nodes
graph 1471-2431-3-4.hdr has 0 nodes
graph 1471-2253-2-4.hdr has 0 nodes
graph WhereToMallorca.hdr has 0 nodes
graph ch8.hdr has 0 nodes
graph ar745.hdr has 0 nodes
graph gb-2003-4-5-r32.hdr has 0 nodes
graph gb-2002-3-12-research0079.hdr has 0 nodes
graph bcr45.hdr has 0 nodes
graph VOL18_4.hdr has 0 nodes
graph Article247_4484.hdr has 0 nodes
graph Article247_4368.hdr has 0 nodes
graph InternalControl_ai00021p.hdr has 0 nodes
graph ArticleIP_2029.hdr has 0 nodes
graph Article247_3634.hdr has 0 nodes
graph ArticleIP_25210.hdr has 0 nodes
graph ArticleIP_21209.hdr has 0 nodes
graph ArticleIP_34278.hdr has 0 nodes
graph 1471-2210-1-7.hdr has 0 nodes
graph 1472-6750-2-14.hdr has 0 nodes
graph chapter-8.hdr has 0 nodes
graph VOL16_3.hdr has 0 nodes
graph Article247_3471.hdr has 0 nodes
graph Article247_4337.hdr has 0 nodes
graph d02701.hdr has 0 nodes
graph ArticleIP_31263.hdr has 0 nodes
graph 110CYL200.hdr has 454 nodes
 node found at 1163 and 1167 
graph 114CUL057.hdr has 313 nodes
 node found at 508 and 512 
graph 118CWL050.hdr has 724 nodes
 node found at 1621 and 1625 
graph 119CWL041.hdr has 260 nodes
 node found at 233 and 237 
graph Article247_3500.hdr has 783 nodes
 node found at 2092 and 2096 
graph ch5.hdr has 5059 nodes
 node found at 29416 and 29420 
graph chapter-10.hdr has 6887 nodes
 node found at 15849 and 15853 
graph 111348.hdr has 537 nodes
 node found at 1933 and 1937 
graph 111364.hdr has 350 nodes
 node found at 451 and 455 
graph 111371.hdr has 337 nodes
 node found at 554 and 558 
graph 111400.hdr has 844 nodes
 node found at 268 and 272 
graph 111425.hdr has 349 nodes
 node found at 1422 and 1426 
graph 114424.hdr has 215 nodes
 node found at 783 and 787 
graph 114445.hdr has 601 nodes
 node found at 3030 and 3034 
graph 1399.hdr has 6839 nodes
 node found at 7386 and 7390 
graph 1400.hdr has 6850 nodes
 node found at 5407 and 5411 
graph 1402.hdr has 7217 nodes
 node found at 29610 and 29614 
graph 1402.hdr has 7217 nodes
 node found at 30601 and 30605 
graph 1403.hdr has 7032 nodes
 node found at 28848 and 28852 
graph 20020731-nyt.hdr has 8969 nodes
 node found at 17540 and 17544 
graph 23559.hdr has 384 nodes
 node found at 2312 and 2316 
graph 54261.hdr has 556 nodes
 node found at 1322 and 1326 
graph 54262.hdr has 555 nodes
 node found at 1284 and 1288 
graph 54263.hdr has 440 nodes
 node found at 747 and 751 
graph alumnifund1.hdr has 314 nodes
 node found at 1631 and 1635 
graph Ant_Robot.hdr has 10064 nodes
 node found at 1380 and 1384 
graph Ant_Robot.hdr has 10064 nodes
 node found at 5451 and 5455 
graph Ant_Robot.hdr has 10064 nodes
 node found at 5558 and 5562 
graph Ant_Robot.hdr has 10064 nodes
 node found at 30052 and 30056 
graph anth_essay_4.hdr has 3752 nodes
 node found at 19125 and 19129 
graph CUP2.hdr has 6666 nodes
 node found at 7193 and 7197 
graph guidedogs1.hdr has 702 nodes
 node found at 1445 and 1449 
graph hotel-california.hdr has 7580 nodes
 node found at 30533 and 30537 
graph jokes10.hdr has 1539 nodes
 node found at 732 and 736 
graph jokes8.hdr has 1613 nodes
 node found at 6602 and 6606 
graph JurassicParkIV-Scene_3.hdr has 2099 nodes
 node found at 7446 and 7450 
graph lists-003-2173878.hdr has 934 nodes
 node found at 1466 and 1470 
graph marine1.hdr has 888 nodes
 node found at 3488 and 3492 
graph marine1.hdr has 888 nodes
 node found at 4369 and 4373 
graph Nathans_Bylichka.hdr has 13138 nodes
 node found at 35596 and 35600 
graph Ohio_Steel.hdr has 3713 nodes
 node found at 9910 and 9914 
graph pirates.hdr has 22327 nodes
 node found at 70836 and 70840 
graph tweets1.hdr has 13390 nodes
 node found at 16350 and 16354 
graph Uprooted_Farming-on-Sand.hdr has 1103 nodes
 node found at 4264 and 4268 
graph WhatToHongKong.hdr has 4263 nodes
 node found at 10985 and 10989 
graph WhereToHongKong.hdr has 11754 nodes
 node found at 54598 and 54602 
graph 54263.hdr has 440 nodes
 node found at 747 and 751 
graph lists-003-2137010.hdr has 1100 nodes
 node found at 1842 and 1846 
graph 1471-2105-3-24.hdr has 0 nodes
graph chB.hdr has 0 nodes
graph Article247_698.hdr has 0 nodes
graph 1471-2164-2-9.hdr has 0 nodes
graph VOL22_4.hdr has 0 nodes
graph 1471-2458-3-11.hdr has 0 nodes
graph ArticleIP_27741.hdr has 0 nodes
graph d02701.hdr has 0 nodes
graph Legal-aid_chief.hdr has 0 nodes
graph ar104.hdr has 0 nodes
graph ai00134.hdr has 0 nodes
graph gb-2002-3-12-research0079.hdr has 0 nodes
graph Article247_3714.hdr has 0 nodes
graph VOL22_4.hdr has 0 nodes
graph Article247_829.hdr has 0 nodes
graph gb-2002-3-10-research0054.hdr has 0 nodes
graph Testimony_cg00010t.hdr has 0 nodes
graph gb-2002-3-12-research0075.hdr has 0 nodes
graph ArticleIP_23127.hdr has 0 nodes
graph VOL16_3.hdr has 0 nodes
graph VOL16_4.hdr has 0 nodes
graph Butler_Co_attorneys.hdr has 0 nodes
graph bcr284.hdr has 0 nodes
graph WhatToJapan.hdr has 0 nodes
graph July11-2001_gg00172r.hdr has 0 nodes
graph 1471-2164-4-19.hdr has 0 nodes
graph ArticleIP_1094.hdr has 0 nodes
graph ArticleIP_2568.hdr has 0 nodes
graph Article247_477.hdr has 0 nodes
graph Redacted_Study.hdr has 0 nodes
graph 114CUL057.hdr has 313 nodes
 node found at 508 and 512 
graph Amsterdam-WhereToGo.hdr has 0 nodes
graph ArticleIP_2635.hdr has 0 nodes
graph Amsterdam-WhereToGo.hdr has 0 nodes
graph Article247_3909.hdr has 0 nodes
graph ArticleIP_1922.hdr has 0 nodes
graph ArticleIP_29775.hdr has 0 nodes
graph Too_Crucial_to_Take_Cut.hdr has 0 nodes
graph gb-2002-3-11-research0061.hdr has 0 nodes
graph 1472-6882-1-7.hdr has 0 nodes
graph ArticleIP_1414.hdr has 0 nodes
graph ArticleIP_36820.hdr has 0 nodes
graph VOL21_3.hdr has 0 nodes
graph Article247_523.hdr has 0 nodes
graph ArticleIP_2693.hdr has 0 nodes
graph Article247_4335.hdr has 0 nodes
graph 1471-2105-4-28.hdr has 0 nodes
graph WhatToMalaysia.hdr has 0 nodes
graph ArticleIP_2446.hdr has 0 nodes
graph 1475-2867-3-2.hdr has 0 nodes
graph 1471-2105-3-2.hdr has 0 nodes
graph 1471-2202-2-1.hdr has 0 nodes
graph 1471-2350-3-12.hdr has 0 nodes
graph ArticleIP_12342.hdr has 0 nodes
graph Mitchell_6-17-Mit.hdr has 0 nodes
graph WhatToEdinburgh.hdr has 0 nodes
graph ar104.hdr has 0 nodes
graph Poverty_Lawyers.hdr has 0 nodes
graph VOL17_3.hdr has 0 nodes
graph ArticleIP_2451.hdr has 0 nodes
graph 1472-6750-1-13.hdr has 0 nodes
graph ArticleIP_1763.hdr has 0 nodes
graph ArticleIP_63683.hdr has 0 nodes
graph ArticleIP_2627.hdr has 0 nodes
graph BusinessWire.hdr has 0 nodes
graph ArticleIP_2050.hdr has 0 nodes
graph WhereToJapan.hdr has 0 nodes
graph Article247_452.hdr has 0 nodes
graph ArticleIP_34108.hdr has 0 nodes
graph ArticleIP_66982.hdr has 0 nodes
graph VOL17_3.hdr has 0 nodes
graph WhatToIndia.hdr has 0 nodes
graph ArticleIP_1931.hdr has 0 nodes
graph Article247_968.hdr has 0 nodes
graph 1471-244X-2-9.hdr has 0 nodes
graph chapter-6.hdr has 0 nodes
graph ArticleIP_23263.hdr has 0 nodes
graph 1471-2229-2-4.hdr has 0 nodes
graph Article247_851.hdr has 0 nodes
graph 1472-6874-2-13.hdr has 0 nodes
graph Article247_3663.hdr has 0 nodes
graph Article247_529.hdr has 0 nodes
graph ArticleIP_3101.hdr has 0 nodes
graph commission_report.hdr has 0 nodes
graph 110CYL200.hdr has 454 nodes
 node found at 1163 and 1167 
graph gb-2002-3-9-research0048.hdr has 0 nodes
graph 1471-2091-3-14.hdr has 0 nodes
graph ArticleIP_2233.hdr has 0 nodes
graph ArticleIP_2624.hdr has 0 nodes
graph 1475-2875-2-4.hdr has 0 nodes
graph VOL17_3.hdr has 0 nodes
graph 516CZL212.hdr has 0 nodes
graph Gleiman_gca2000.hdr has 0 nodes
graph Amsterdam-WhereToGo.hdr has 0 nodes
graph gg96118.hdr has 0 nodes
graph ArticleIP_3074.hdr has 0 nodes
graph Article247_3960.hdr has 0 nodes
graph ArticleIP_3456.hdr has 0 nodes
graph 1471-2180-3-15.hdr has 0 nodes
graph Article247_4382.hdr has 0 nodes
graph ArticleIP_2427.hdr has 0 nodes
graph Article247_4167.hdr has 0 nodes
graph 1477-7827-1-43.hdr has 0 nodes
graph ArticleIP_2503.hdr has 0 nodes
graph 1471-2164-3-28.hdr has 0 nodes
graph Article247_586.hdr has 0 nodes
graph Article247_3526.hdr has 0 nodes
graph Article247_564.hdr has 0 nodes
graph ArticleIP_2936.hdr has 0 nodes
graph 1471-2202-3-19.hdr has 0 nodes
graph ArticleIP_2206.hdr has 0 nodes
graph 1471-2210-3-1.hdr has 0 nodes
graph ArticleIP_56807.hdr has 0 nodes
graph VOL22_3.hdr has 0 nodes
graph Article247_982.hdr has 0 nodes
graph VOL23_4.hdr has 0 nodes
graph ch5.hdr has 5059 nodes
 this is funny...node found at 17655 and 17662 
graph gb-2002-3-12-research0088.hdr has 0 nodes
graph chapter-7.hdr has 0 nodes
graph chapter-9.hdr has 0 nodes
graph ArticleIP_1932.hdr has 0 nodes
graph ArticleIP_1924.hdr has 0 nodes
graph 1471-2407-2-3.hdr has 0 nodes
graph HistoryMalaysia.hdr has 0 nodes
graph 1471-2288-2-10.hdr has 0 nodes
graph d02701.hdr has 0 nodes
graph gb-2003-4-4-r26.hdr has 0 nodes
graph chapter-1.hdr has 0 nodes
graph Oregon_Poor.hdr has 0 nodes
graph gb-2002-3-11-research0060.hdr has 0 nodes
graph 1471-2334-3-15.hdr has 0 nodes
graph 1471-2202-2-1.hdr has 0 nodes
graph ar750.hdr has 0 nodes
graph Article247_3875.hdr has 0 nodes
graph chA.hdr has 0 nodes
graph VOL16_1.hdr has 0 nodes
graph 1471-2199-2-4.hdr has 0 nodes
graph 119CWL047.hdr has 0 nodes
graph ArticleIP_1200.hdr has 0 nodes
graph Cohenetal_Cost_Function.hdr has 0 nodes
graph Article247_4472.hdr has 0 nodes
graph ArticleIP_3557.hdr has 0 nodes
graph ArticleIP_36820.hdr has 0 nodes
graph d02701.hdr has 0 nodes
graph ArticleIP_2394.hdr has 0 nodes
graph 1475-2875-1-14.hdr has 0 nodes
graph 1471-2121-3-4.hdr has 0 nodes
graph Gleiman_gca2000.hdr has 0 nodes
graph ArticleIP_2650.hdr has 0 nodes
graph Strategic_report.hdr has 0 nodes
graph 1471-2105-4-13.hdr has 0 nodes
graph ArticleIP_1880.hdr has 0 nodes
graph Crete-WhereToGo.hdr has 0 nodes
graph Article247_798.hdr has 0 nodes
graph HistoryIndia.hdr has 0 nodes
graph Article247_91.hdr has 0 nodes
graph IntroIsrael.hdr has 0 nodes
graph ArticleIP_1185.hdr has 0 nodes
graph Article247_4356.hdr has 0 nodes
graph VOL16_3.hdr has 0 nodes
graph Targeting_Domestic_Violence.hdr has 0 nodes
graph ArticleIP_1604.hdr has 0 nodes
graph Gleiman_EMASpeech.hdr has 0 nodes
graph ArticleIP_2418.hdr has 0 nodes
graph Paper_Walker11-2002_acpro122.hdr has 0 nodes
graph ArticleIP_2616.hdr has 0 nodes
graph ArticleIP_2943.hdr has 0 nodes
graph 1471-2105-4-28.hdr has 0 nodes
graph Article247_904.hdr has 0 nodes
graph 1476-9433-1-2.hdr has 0 nodes
graph Article247_3778.hdr has 0 nodes
graph Amsterdam-WhereToGo.hdr has 0 nodes
graph ArticleIP_1881.hdr has 0 nodes
graph ArticleIP_2226.hdr has 0 nodes
graph 1472-6882-3-3.hdr has 0 nodes
graph Legal_hotline.hdr has 0 nodes
graph 1471-2121-3-30.hdr has 0 nodes
graph 1471-2296-3-18.hdr has 0 nodes
graph VOL23_1.hdr has 0 nodes
graph gb-2003-4-6-r39.hdr has 0 nodes
graph cc367.hdr has 0 nodes
graph WhatToEgypt.hdr has 0 nodes
graph pe1019.hdr has 0 nodes
graph gb-2003-4-3-r20.hdr has 0 nodes
graph ArticleIP_19300.hdr has 0 nodes
graph 1471-2105-4-13.hdr has 0 nodes
graph ArticleIP_22015.hdr has 0 nodes
graph ArticleIP_3481.hdr has 0 nodes
graph Article247_3778.hdr has 0 nodes
graph ArticleIP_3560.hdr has 0 nodes
graph 1471-2156-4-5.hdr has 0 nodes
graph ArticleIP_1889.hdr has 0 nodes
graph WhatToHongKong.hdr has 4263 nodes
 node found at 7344 and 7348 
graph Session3-PDF.hdr has 0 nodes
graph Article247_4313.hdr has 0 nodes
graph gb-2002-3-7-research0037.hdr has 0 nodes
graph Article247_3476.hdr has 0 nodes
graph 1471-2334-3-12.hdr has 0 nodes
graph ArticleIP_2552.hdr has 0 nodes
graph 1471-2180-2-20.hdr has 0 nodes
graph Article247_3849.hdr has 0 nodes
graph 1471-2164-3-18.hdr has 0 nodes
graph Article247_4353.hdr has 0 nodes
graph Article247_4075.hdr has 0 nodes
graph 1471-2091-4-5.hdr has 0 nodes
graph ch1.hdr has 0 nodes
graph bcr45.hdr has 0 nodes
graph ArticleIP_2653.hdr has 0 nodes
graph gb-2001-2-11-research0046.hdr has 0 nodes
graph ar104.hdr has 0 nodes
graph Berlin-WhereToGo.hdr has 0 nodes
graph ArticleIP_3083.hdr has 0 nodes
graph VOL15_4.hdr has 0 nodes
graph ArticleIP_3545.hdr has 0 nodes
graph ArticleIP_1663.hdr has 0 nodes
graph New_Online_Resources.hdr has 0 nodes
graph chapter-3.hdr has 0 nodes
graph ar745.hdr has 0 nodes
graph Article247_332.hdr has 0 nodes
graph ArticleIP_2383.hdr has 0 nodes
graph cc4.hdr has 0 nodes
graph ar745.hdr has 0 nodes
graph 1471-2164-2-7.hdr has 0 nodes
graph Paper_Walker11-2002_acpro122.hdr has 0 nodes
graph ArticleIP_3014.hdr has 0 nodes
graph ArticleIP_56819.hdr has 0 nodes
graph ArticleIP_67759.hdr has 0 nodes
graph 1471-2210-2-5.hdr has 0 nodes
graph ArticleIP_4276.hdr has 0 nodes
graph ArticleIP_35234.hdr has 0 nodes
graph Berlin-WhereToGo.hdr has 0 nodes
graph gb-2003-4-6-r39.hdr has 0 nodes
graph ArticleIP_36584.hdr has 0 nodes
graph ar104.hdr has 0 nodes
graph Article247_3747.hdr has 0 nodes
graph ch10.hdr has 0 nodes
graph 1471-2172-3-10.hdr has 0 nodes
graph Boston-WhereToGo.hdr has 0 nodes
graph ArticleIP_1288.hdr has 0 nodes
graph ArticleIP_2651.hdr has 0 nodes
graph gb-2002-3-6-research0029.hdr has 0 nodes
graph Testimony_d01609t.hdr has 0 nodes
graph 1471-213X-3-4.hdr has 0 nodes
graph Article247_742.hdr has 0 nodes
graph VOL16_1.hdr has 0 nodes
graph 1471-2121-3-4.hdr has 0 nodes
graph Article247_3618.hdr has 0 nodes
graph chA.hdr has 0 nodes
graph Sept14-2002_d011070.hdr has 0 nodes
graph ArticleIP_2563.hdr has 0 nodes
graph Strategic_report.hdr has 0 nodes
graph ArticleIP_21107.hdr has 0 nodes
graph ai00134.hdr has 0 nodes
graph gb-2001-2-9-research0035.hdr has 0 nodes
graph 1471-2199-2-4.hdr has 0 nodes
graph 1472-684X-1-5.hdr has 0 nodes
graph ch3.hdr has 0 nodes
graph ArticleIP_68180.hdr has 0 nodes
graph Article247_529.hdr has 0 nodes
graph ONTARIO_LEGAL_AID_SERIES.hdr has 0 nodes
graph Article247_3689.hdr has 0 nodes
graph WhatToEgypt.hdr has 0 nodes
graph ArticleIP_34945.hdr has 0 nodes
graph 110CYL200.hdr has 454 nodes
 node found at 1163 and 1167 
graph 114CUL057.hdr has 313 nodes
 node found at 508 and 512 
graph 118CWL050.hdr has 724 nodes
 node found at 1621 and 1625 
graph 119CWL041.hdr has 260 nodes
 node found at 233 and 237 
graph Article247_3500.hdr has 783 nodes
 node found at 2092 and 2096 
graph ch5.hdr has 5059 nodes
 node found at 29416 and 29420 
graph chapter-10.hdr has 6887 nodes
 node found at 15849 and 15853 
graph 111348.hdr has 537 nodes
 node found at 1933 and 1937 
graph 111364.hdr has 350 nodes
 node found at 451 and 455 
graph 111371.hdr has 337 nodes
 node found at 554 and 558 
graph 111400.hdr has 844 nodes
 node found at 268 and 272 
graph 111425.hdr has 349 nodes
 node found at 1422 and 1426 
graph 114424.hdr has 215 nodes
 node found at 783 and 787 
graph 114445.hdr has 601 nodes
 node found at 3030 and 3034 
graph 1399.hdr has 6839 nodes
 node found at 7386 and 7390 
graph 1400.hdr has 6850 nodes
 node found at 5407 and 5411 
graph 1402.hdr has 7217 nodes
 node found at 29610 and 29614 
graph 1402.hdr has 7217 nodes
 node found at 30601 and 30605 
graph 1403.hdr has 7032 nodes
 node found at 28848 and 28852 
graph 20020731-nyt.hdr has 8969 nodes
 node found at 17540 and 17544 
graph 23559.hdr has 384 nodes
 node found at 2312 and 2316 
graph 54261.hdr has 556 nodes
 node found at 1322 and 1326 
graph 54262.hdr has 555 nodes
 node found at 1284 and 1288 
graph 54263.hdr has 440 nodes
 node found at 747 and 751 
graph alumnifund1.hdr has 314 nodes
 node found at 1631 and 1635 
graph Ant_Robot.hdr has 10064 nodes
 node found at 1380 and 1384 
graph Ant_Robot.hdr has 10064 nodes
 node found at 5451 and 5455 
graph Ant_Robot.hdr has 10064 nodes
 node found at 5558 and 5562 
graph Ant_Robot.hdr has 10064 nodes
 node found at 30052 and 30056 
graph anth_essay_4.hdr has 3752 nodes
 node found at 19125 and 19129 
graph CUP2.hdr has 6666 nodes
 node found at 7193 and 7197 
graph guidedogs1.hdr has 702 nodes
 node found at 1445 and 1449 
graph hotel-california.hdr has 7580 nodes
 node found at 30533 and 30537 
graph jokes10.hdr has 1539 nodes
 node found at 732 and 736 
graph jokes8.hdr has 1613 nodes
 node found at 6602 and 6606 
graph JurassicParkIV-Scene_3.hdr has 2099 nodes
 node found at 7446 and 7450 
graph lists-003-2173878.hdr has 934 nodes
 node found at 1466 and 1470 
graph marine1.hdr has 888 nodes
 node found at 3488 and 3492 
graph marine1.hdr has 888 nodes
 node found at 4369 and 4373 
graph Nathans_Bylichka.hdr has 13138 nodes
 node found at 35596 and 35600 
graph Ohio_Steel.hdr has 3713 nodes
 node found at 9910 and 9914 
graph pirates.hdr has 22327 nodes
 node found at 70836 and 70840 
graph tweets1.hdr has 13390 nodes
 node found at 16350 and 16354 
graph Uprooted_Farming-on-Sand.hdr has 1103 nodes
 node found at 4264 and 4268 
graph WhatToHongKong.hdr has 4263 nodes
 node found at 10985 and 10989 
graph WhereToHongKong.hdr has 11754 nodes
 node found at 54598 and 54602 
graph chapter-10.hdr has 6887 nodes
 node found at 7544 and 7551 
graph VOL15_3.hdr has 17302 nodes
 node found at 19602 and 19609 
graph VOL15_3.hdr has 17302 nodes
 node found at 21823 and 21830 
graph VOL15_3.hdr has 17302 nodes
 node found at 28326 and 28333 
graph 1468-6708-3-1.hdr has 3874 nodes
 node found at 22752 and 22759 
graph 1471-2091-2-9.hdr has 4269 nodes
 node found at 5345 and 5352 
graph 1471-2091-2-9.hdr has 4269 nodes
 node found at 5737 and 5744 
graph 1471-2091-2-9.hdr has 4269 nodes
 this is funny...node found at 12027 and 12034 
graph 1471-2091-2-9.hdr has 4269 nodes
 this is funny...node found at 20540 and 20547 
graph 1471-230X-2-21.hdr has 2557 nodes
 node found at 7361 and 7368 
graph 1471-230X-2-21.hdr has 2557 nodes
 node found at 12059 and 12066 
graph 1471-230X-2-21.hdr has 2557 nodes
 node found at 12128 and 12135 
graph Ant_Robot.hdr has 10064 nodes
 node found at 34927 and 34934 
graph CUP2.hdr has 6666 nodes
 node found at 2790 and 2797 
graph CUP2.hdr has 6666 nodes
 node found at 15332 and 15339 
graph jokes3.hdr has 3072 nodes
 node found at 10847 and 10854 
graph Ohio_Steel.hdr has 3713 nodes
 node found at 19990 and 19997 
graph 1472-6963-3-7.hdr has 0 nodes
graph gb-2002-3-7-research0035.hdr has 0 nodes
graph chapter-3.hdr has 0 nodes
graph 1471-2199-4-5.hdr has 0 nodes
graph gb-2003-4-6-r37.hdr has 0 nodes
graph 1471-2121-3-18.hdr has 0 nodes
graph gb-2003-4-1-r5.hdr has 0 nodes
graph ArticleIP_19177.hdr has 0 nodes
graph 1471-2229-2-11.hdr has 0 nodes
graph 1476-4598-2-24.hdr has 0 nodes
graph ArticleIP_1286.hdr has 0 nodes
graph 1471-2202-2-12.hdr has 0 nodes
graph 1471-2148-3-7.hdr has 0 nodes
graph 1471-2156-2-18.hdr has 0 nodes
graph d01186g.hdr has 0 nodes
graph VOL21_3.hdr has 0 nodes
graph 1471-2172-4-1.hdr has 0 nodes
graph 1471-2091-3-15.hdr has 0 nodes
graph gb-2003-4-6-r39.hdr has 0 nodes
graph HistoryJapan.hdr has 0 nodes
graph d01186g.hdr has 0 nodes
graph 1478-1336-1-3.hdr has 0 nodes
graph gb-2001-2-11-research0046.hdr has 0 nodes
graph 1475-4924-1-10.hdr has 0 nodes
graph 1471-2156-2-3.hdr has 0 nodes
graph 1472-6793-1-8.hdr has 0 nodes
graph 1475-925X-2-1.hdr has 0 nodes
graph 1471-2121-2-6.hdr has 0 nodes
graph ArticleIP_1061.hdr has 0 nodes
graph 1471-2407-1-19.hdr has 0 nodes
graph bcr45.hdr has 0 nodes
graph ArticleIP_1230.hdr has 0 nodes
graph 1472-6793-2-5.hdr has 0 nodes
graph ArticleIP_2646.hdr has 0 nodes
graph 1471-2288-2-11.hdr has 0 nodes
graph ch3.hdr has 0 nodes
graph gb-2001-2-10-research0042.hdr has 0 nodes
graph 1472-6793-2-2.hdr has 0 nodes
graph 1471-2199-4-5.hdr has 0 nodes
graph gb-2002-3-5-research0025.hdr has 0 nodes
graph bcr607.hdr has 0 nodes
graph 1471-230X-1-10.hdr has 0 nodes
graph 1471-2121-3-19.hdr has 0 nodes
graph 1476-4598-1-8.hdr has 0 nodes
graph Redacted_Study.hdr has 0 nodes
graph ArticleIP_11058.hdr has 0 nodes
graph 1472-6947-3-8.hdr has 0 nodes
graph 1471-2229-2-9.hdr has 0 nodes
graph 1471-2172-4-1.hdr has 0 nodes
graph 1471-2202-3-3.hdr has 0 nodes
graph ArticleIP_3904.hdr has 0 nodes
graph 1477-7827-1-31.hdr has 0 nodes
graph ArticleIP_29685.hdr has 0 nodes
graph 1471-2121-3-25.hdr has 0 nodes
graph 1475-2867-3-12.hdr has 0 nodes
graph 1471-2121-2-18.hdr has 0 nodes
graph 1471-2180-3-10.hdr has 0 nodes
graph 1472-6793-2-2.hdr has 0 nodes
graph gb-2001-2-12-research0051.hdr has 0 nodes
graph ArticleIP_36954.hdr has 0 nodes
graph ArticleIP_3210.hdr has 0 nodes
graph ArticleIP_67986.hdr has 0 nodes
graph ar615.hdr has 0 nodes
graph ArticleIP_3837.hdr has 0 nodes
graph 1475-2867-2-7.hdr has 0 nodes
graph ArticleIP_3066.hdr has 0 nodes
graph 1471-2199-3-3.hdr has 0 nodes
graph cc105.hdr has 0 nodes
graph 1471-2121-4-6.hdr has 0 nodes
graph 1471-2091-3-23.hdr has 0 nodes
graph Canada-WhereToGo.hdr has 0 nodes
graph 1471-2121-1-2.hdr has 0 nodes
graph Article247_4484.hdr has 0 nodes
graph bcr583.hdr has 0 nodes
graph ArticleIP_2188.hdr has 0 nodes
graph 1471-2350-3-12.hdr has 0 nodes
graph 1477-7827-1-36.hdr has 0 nodes
graph 1471-213X-1-15.hdr has 0 nodes
graph bcr45.hdr has 0 nodes
graph 1471-2172-4-1.hdr has 0 nodes
graph 1471-2164-4-16.hdr has 0 nodes
graph 1468-6708-3-1.hdr has 3874 nodes
 node found at 22752 and 22759 
graph tech_adden.hdr has 0 nodes
graph gb-2002-3-12-research0086.hdr has 0 nodes
graph 1478-1336-1-3.hdr has 0 nodes
graph 1472-6793-1-11.hdr has 0 nodes
graph 1471-2334-2-6.hdr has 0 nodes
graph 1471-2466-2-3.hdr has 0 nodes
graph 1471-2148-1-8.hdr has 0 nodes
graph gb-2001-2-8-research0030.hdr has 0 nodes
graph 1471-2407-1-19.hdr has 0 nodes
graph ArticleIP_3536.hdr has 0 nodes
graph 1471-2091-3-15.hdr has 0 nodes
graph ArticleIP_2568.hdr has 0 nodes
graph 1471-2334-3-9.hdr has 0 nodes
graph 1471-2180-2-2.hdr has 0 nodes
graph 1471-2369-4-1.hdr has 0 nodes
graph bcr45.hdr has 0 nodes
graph ArticleIP_35534.hdr has 0 nodes
graph 1475-2867-3-2.hdr has 0 nodes
graph Vallarta-WhatToDo.hdr has 0 nodes
graph gb-2002-3-12-research0088.hdr has 0 nodes
graph ArticleIP_1786.hdr has 0 nodes
graph 1476-069X-1-3.hdr has 0 nodes
graph 1471-230X-2-21.hdr has 2557 nodes
 node found at 12128 and 12135 
graph gb-2003-4-6-r39.hdr has 0 nodes
graph 1477-7827-1-31.hdr has 0 nodes
graph 1471-2288-3-4.hdr has 0 nodes
graph ArticleIP_1061.hdr has 0 nodes
graph 1471-2091-2-10.hdr has 0 nodes
graph 1471-2172-3-2.hdr has 0 nodes
graph gb-2002-3-11-research0059.hdr has 0 nodes
graph 1476-069X-1-3.hdr has 0 nodes
graph gb-2002-3-10-research0056.hdr has 0 nodes
graph 1471-2091-2-9.hdr has 4269 nodes
 node found at 5345 and 5352 
graph gb-2002-3-12-research0088.hdr has 0 nodes
graph 1471-2091-3-22.hdr has 0 nodes
graph 1471-2334-2-6.hdr has 0 nodes
graph VOL17_4.hdr has 0 nodes
graph 1471-2199-2-4.hdr has 0 nodes
graph 1476-069X-1-3.hdr has 0 nodes
graph 1471-2334-2-7.hdr has 0 nodes
graph 1471-2180-3-5.hdr has 0 nodes
graph 1471-2180-2-16.hdr has 0 nodes
graph 1471-2172-3-16.hdr has 0 nodes
graph 1471-2202-2-12.hdr has 0 nodes
graph 1471-2199-2-2.hdr has 0 nodes
graph 1471-2202-4-16.hdr has 0 nodes
graph 1471-2121-3-15.hdr has 0 nodes
graph Strategic_report.hdr has 0 nodes
graph Article247_645.hdr has 0 nodes
graph 1471-2199-3-11.hdr has 0 nodes
graph 1476-069X-1-3.hdr has 0 nodes
graph 1471-2199-3-3.hdr has 0 nodes
graph 1472-6793-1-8.hdr has 0 nodes
graph Article247_3667.hdr has 0 nodes
graph 1471-2121-3-19.hdr has 0 nodes
graph 1471-2172-4-1.hdr has 0 nodes
graph VOL15_1.hdr has 0 nodes
graph 1472-6793-1-8.hdr has 0 nodes
graph 1471-2172-4-1.hdr has 0 nodes
graph 1472-6793-2-19.hdr has 0 nodes
graph 1472-6793-2-5.hdr has 0 nodes
graph ArticleIP_27452.hdr has 0 nodes
graph 1471-2350-3-7.hdr has 0 nodes
graph 1471-2210-3-1.hdr has 0 nodes
graph 1471-2091-3-30.hdr has 0 nodes
graph 1472-6963-3-14.hdr has 0 nodes
graph 1471-2091-2-5.hdr has 0 nodes
graph 1471-2121-2-6.hdr has 0 nodes
graph 1477-7827-1-43.hdr has 0 nodes
graph 1471-2180-2-7.hdr has 0 nodes
graph 1476-069X-1-3.hdr has 0 nodes
graph 1477-7827-1-31.hdr has 0 nodes
graph 1471-2199-3-7.hdr has 0 nodes
graph Article247_4101.hdr has 0 nodes
graph 1471-2202-4-5.hdr has 0 nodes
graph 1471-2121-2-15.hdr has 0 nodes
graph ArticleIP_30691.hdr has 0 nodes
graph 1471-2121-3-18.hdr has 0 nodes
graph 1471-2202-3-5.hdr has 0 nodes
graph 1471-2377-3-4.hdr has 0 nodes
graph 1476-4598-2-24.hdr has 0 nodes
graph ar612.hdr has 0 nodes
graph 1471-2202-3-20.hdr has 0 nodes
graph 1471-2121-3-25.hdr has 0 nodes
graph gb-2001-2-4-research0011.hdr has 0 nodes
graph 1471-2199-4-5.hdr has 0 nodes
graph 1471-2156-4-5.hdr has 0 nodes
graph d01186g.hdr has 0 nodes
graph ArticleIP_2972.hdr has 0 nodes
graph ar140.hdr has 0 nodes
graph 1471-2091-2-9.hdr has 4269 nodes
 node found at 5737 and 5744 
graph gb-2002-3-5-research0025.hdr has 0 nodes
graph 1471-2121-3-18.hdr has 0 nodes
graph 1471-2334-1-9.hdr has 0 nodes
graph 1471-2172-4-1.hdr has 0 nodes
graph 1471-2172-2-3.hdr has 0 nodes
graph 1471-2172-1-1.hdr has 0 nodes
graph ArticleIP_3039.hdr has 0 nodes
graph 1471-2156-3-3.hdr has 0 nodes
graph ar130.hdr has 0 nodes
graph cc3.hdr has 0 nodes
graph 1472-6769-1-2.hdr has 0 nodes
graph 1471-2202-4-2.hdr has 0 nodes
graph 1476-069X-2-7.hdr has 0 nodes
graph 1471-2172-1-1.hdr has 0 nodes
graph 1471-2121-3-13.hdr has 0 nodes
graph ArticleIP_31364.hdr has 0 nodes
graph 1471-2172-3-16.hdr has 0 nodes
graph ArticleIP_2129.hdr has 0 nodes
graph 1471-2148-2-7.hdr has 0 nodes
graph 1471-2156-2-1.hdr has 0 nodes
graph ArticleIP_1578.hdr has 0 nodes
graph 1471-2202-2-2.hdr has 0 nodes
graph 1472-6769-1-1.hdr has 0 nodes
graph 1471-2121-2-15.hdr has 0 nodes
graph 1471-2148-1-4.hdr has 0 nodes
graph ArticleIP_3884.hdr has 0 nodes
graph 1478-1336-1-4.hdr has 0 nodes
graph ch10.hdr has 0 nodes
graph 1478-1336-1-4.hdr has 0 nodes
graph ar624.hdr has 0 nodes
graph ch4.hdr has 0 nodes
graph 1475-2891-1-2.hdr has 0 nodes
graph 1471-2156-3-4.hdr has 0 nodes
graph gb-2003-4-2-r8.hdr has 0 nodes
graph 1475-2891-1-2.hdr has 0 nodes
graph ArticleIP_4101.hdr has 0 nodes
graph 1471-2121-2-15.hdr has 0 nodes
graph 1471-2121-2-12.hdr has 0 nodes
graph 1471-2121-2-15.hdr has 0 nodes
graph 1471-2164-3-18.hdr has 0 nodes
graph 1471-2172-3-1.hdr has 0 nodes
graph gb-2001-2-11-research0046.hdr has 0 nodes
graph 1471-2172-3-1.hdr has 0 nodes
graph 1471-2334-3-9.hdr has 0 nodes
graph ar93.hdr has 0 nodes
graph ArticleIP_22280.hdr has 0 nodes
graph 1471-2377-3-4.hdr has 0 nodes
graph 1471-2202-2-15.hdr has 0 nodes
graph ai9868.hdr has 0 nodes
graph 1475-9268-1-1.hdr has 0 nodes
graph d01186g.hdr has 0 nodes
graph d01186g.hdr has 0 nodes
graph 1471-2202-3-3.hdr has 0 nodes
graph 1477-7827-1-31.hdr has 0 nodes
graph Article247_3905.hdr has 0 nodes
graph gb-2002-3-12-research0081.hdr has 0 nodes
graph 1471-2288-3-4.hdr has 0 nodes
graph 1475-2867-2-15.hdr has 0 nodes
graph 1476-069X-1-3.hdr has 0 nodes
graph Article247_3690.hdr has 0 nodes
graph 1471-2172-3-16.hdr has 0 nodes
graph Article247_807.hdr has 0 nodes
graph 1471-2091-3-23.hdr has 0 nodes
graph ArticleIP_2651.hdr has 0 nodes
graph gb-2002-3-2-research0008.hdr has 0 nodes
graph 1471-230X-2-21.hdr has 2557 nodes
 node found at 7361 and 7368 
graph bcr284.hdr has 0 nodes
graph 1471-2334-2-29.hdr has 0 nodes
graph 1477-7827-1-43.hdr has 0 nodes
graph 1471-2407-2-17.hdr has 0 nodes
graph ar407.hdr has 0 nodes
graph 1471-2121-4-2.hdr has 0 nodes
graph 1471-2431-2-12.hdr has 0 nodes
graph 1471-2105-3-14.hdr has 0 nodes
graph gb-2002-3-12-research0082.hdr has 0 nodes
graph bcr45.hdr has 0 nodes
graph 1471-2407-2-16.hdr has 0 nodes
graph bill.hdr has 0 nodes
graph 1471-2431-2-4.hdr has 0 nodes
graph ArticleIP_31510.hdr has 0 nodes
graph 1477-7827-1-43.hdr has 0 nodes
graph 1477-7525-1-10.hdr has 0 nodes
graph 1471-213X-1-15.hdr has 0 nodes
graph 1471-2474-2-3.hdr has 0 nodes
graph ArticleIP_1313.hdr has 0 nodes
graph gb-2002-3-10-research0053.hdr has 0 nodes
graph 1472-6793-1-8.hdr has 0 nodes
graph 1471-2407-1-6.hdr has 0 nodes
graph ArticleIP_9143.hdr has 0 nodes
graph 1471-2121-4-4.hdr has 0 nodes
graph 1471-2334-3-15.hdr has 0 nodes
graph gb-2003-4-2-r8.hdr has 0 nodes
graph 1472-6793-1-15.hdr has 0 nodes
graph ArticleIP_2972.hdr has 0 nodes
graph 1471-2202-2-9.hdr has 0 nodes
graph 1471-2180-3-5.hdr has 0 nodes
graph 1471-2172-3-16.hdr has 0 nodes
graph 1471-2121-2-6.hdr has 0 nodes
graph 1471-2334-1-24.hdr has 0 nodes
graph ArticleIP_32486.hdr has 0 nodes
graph 1475-2867-3-2.hdr has 0 nodes
graph 1471-2202-2-12.hdr has 0 nodes
graph gb-2003-4-2-r8.hdr has 0 nodes
graph 1471-230X-1-6.hdr has 0 nodes
graph gb-2002-3-9-research0051.hdr has 0 nodes
graph cc1476.hdr has 0 nodes
graph gb-2001-2-7-research0024.hdr has 0 nodes
graph 1472-6750-3-4.hdr has 0 nodes
graph 1472-6882-3-1.hdr has 0 nodes
graph 1472-6793-1-15.hdr has 0 nodes
graph 1471-2172-3-16.hdr has 0 nodes
graph 1471-2091-4-5.hdr has 0 nodes
graph pe1019.hdr has 0 nodes
graph 1472-6882-3-1.hdr has 0 nodes
graph 1472-6750-2-21.hdr has 0 nodes
graph 1471-2121-3-12.hdr has 0 nodes
graph ArticleIP_2641.hdr has 0 nodes
graph 1471-2148-1-8.hdr has 0 nodes
graph 1471-213X-1-9.hdr has 0 nodes
graph 1475-9268-1-1.hdr has 0 nodes
graph 1471-2164-4-2.hdr has 0 nodes
graph 1472-6882-3-1.hdr has 0 nodes
graph ArticleIP_1690.hdr has 0 nodes
graph Article247_455.hdr has 0 nodes
graph bcr45.hdr has 0 nodes
graph 1471-2288-3-4.hdr has 0 nodes
graph 1471-213X-3-4.hdr has 0 nodes
graph ArticleIP_23430.hdr has 0 nodes
graph 1471-2121-2-15.hdr has 0 nodes
graph 1471-2156-4-6.hdr has 0 nodes
graph 1471-2121-3-13.hdr has 0 nodes
graph 1471-2105-3-26.hdr has 0 nodes
graph 1472-6793-1-15.hdr has 0 nodes
graph 1471-2180-2-22.hdr has 0 nodes
graph 1471-2334-2-7.hdr has 0 nodes
graph 1477-7827-1-43.hdr has 0 nodes
graph ArticleIP_1768.hdr has 0 nodes
graph 1478-1336-1-2.hdr has 0 nodes
graph 1471-2172-3-16.hdr has 0 nodes
graph 1471-2202-4-16.hdr has 0 nodes
graph 1471-213X-1-13.hdr has 0 nodes
graph 1477-7827-1-9.hdr has 0 nodes
graph 1476-069X-1-3.hdr has 0 nodes
graph ArticleIP_2035.hdr has 0 nodes
graph Article247_4081.hdr has 0 nodes
graph 1471-2091-3-23.hdr has 0 nodes
graph 1477-7827-1-43.hdr has 0 nodes
graph 1471-2091-3-8.hdr has 0 nodes
graph gb-2002-3-4-research0018.hdr has 0 nodes
graph 1471-213X-3-3.hdr has 0 nodes
graph 1471-2180-1-16.hdr has 0 nodes
graph ArticleIP_36129.hdr has 0 nodes
graph Article247_3873.hdr has 0 nodes
graph 1477-7827-1-54.hdr has 0 nodes
graph ArticleIP_2962.hdr has 0 nodes
graph ch10.hdr has 0 nodes
graph 1471-2288-3-4.hdr has 0 nodes
graph 1471-2121-2-18.hdr has 0 nodes
graph ch10.hdr has 0 nodes
graph d01186g.hdr has 0 nodes
graph gb-2003-4-6-r39.hdr has 0 nodes
graph 1471-2148-2-5.hdr has 0 nodes
graph 1471-2180-2-7.hdr has 0 nodes
graph 1471-2229-2-11.hdr has 0 nodes
graph bcr284.hdr has 0 nodes
graph og97050.hdr has 0 nodes
graph 1471-2180-3-9.hdr has 0 nodes
graph 1471-2164-3-4.hdr has 0 nodes
graph bcr620.hdr has 0 nodes
graph ArticleIP_3847.hdr has 0 nodes
graph 1471-2091-3-22.hdr has 0 nodes
graph 1477-7827-1-43.hdr has 0 nodes
graph ArticleIP_20517.hdr has 0 nodes
graph ArticleIP_3835.hdr has 0 nodes
graph 1471-2156-2-3.hdr has 0 nodes
graph ArticleIP_68616.hdr has 0 nodes
graph 1471-2091-3-30.hdr has 0 nodes
graph 1471-213X-1-15.hdr has 0 nodes
graph 1471-2121-2-6.hdr has 0 nodes
graph Article247_3403.hdr has 0 nodes
graph gb-2001-3-1-research0005.hdr has 0 nodes
graph 1471-2121-2-6.hdr has 0 nodes
graph chapter-10.hdr has 6887 nodes
 node found at 7544 and 7551 
graph VOL15_3.hdr has 17302 nodes
 node found at 19602 and 19609 
graph VOL15_3.hdr has 17302 nodes
 node found at 21823 and 21830 
graph VOL15_3.hdr has 17302 nodes
 node found at 28326 and 28333 
graph 1468-6708-3-1.hdr has 3874 nodes
 node found at 22752 and 22759 
graph 1471-2091-2-9.hdr has 4269 nodes
 node found at 5345 and 5352 
graph 1471-2091-2-9.hdr has 4269 nodes
Locating Local Masc files at /Users/frankcascio/anc/corpora/masc/MASC-3.0.0
Locating Local Oanc files at /Users/frankcascio/anc/corpora/OANC-1.2b1
graph WhatToHongKong.hdr has 4263 nodes
